<?xml version="1.0" encoding="UTF-8"?>
<testsuite xmlns:xsi="http://www.w3.org/2001/XMLSchema-instance" xsi:noNamespaceSchemaLocation="https://maven.apache.org/surefire/maven-surefire-plugin/xsd/surefire-test-report.xsd" version="3.0.2" name="com.example.kin.KinApplicationTests" time="9.492" tests="1" errors="0" skipped="0" failures="0">
  <properties>
[...]
</properties>
  <testcase name="contextLoads" classname="com.example.kin.KinApplicationTests" time="0.008">
    <system-out><![CDATA[2026-05-10T22:24:44.491+08:00  INFO 9584 --- [           main] t.c.s.AnnotationConfigContextLoaderUtils : Could not detect default configuration classes for test class [com.example.kin.KinApplicationTests]: KinApplicationTests does not declare any static, non-private, non-final, nested classes annotated with @Configuration.
2026-05-10T22:24:44.514+08:00  INFO 9584 --- [           main] .b.t.c.SpringBootTestContextBootstrapper : Found @SpringBootConfiguration com.example.kin.KinApplication for test class com.example.kin.KinApplicationTests

  .   ____          _            __ _ _
 /\\ / ___'_ __ _ _(_)_ __  __ _ \ \ \ \
( ( )\___ | '_ | '_| | '_ \/ _` | \ \ \ \
 \\/  ___)| |_)| | | | | || (_| |  ) ) ) )
  '  |____| .__|_| |_|_| |_\__, | / / / /
 =========|_|==============|___/=/_/_/_/

 :: Spring Boot ::               (v3.5.10)

2026-05-10T22:24:44.597+08:00  INFO 9584 --- [           main] com.example.kin.KinApplicationTests      : Starting KinApplicationTests using Java 17.0.12 with PID 9584 (started by anaclaireellen in C:\Users\junre\Downloads\kin (1)\backend)
2026-05-10T22:24:44.597+08:00  INFO 9584 --- [           main] com.example.kin.KinApplicationTests      : No active profile set, falling back to 1 default profile: "default"
2026-05-10T22:24:45.381+08:00  INFO 9584 --- [           main] .s.d.r.c.RepositoryConfigurationDelegate : Bootstrapping Spring Data JPA repositories in DEFAULT mode.
2026-05-10T22:24:45.520+08:00  INFO 9584 --- [           main] .s.d.r.c.RepositoryConfigurationDelegate : Finished Spring Data repository scanning in 102 ms. Found 1 JPA repository interface.
2026-05-10T22:24:46.743+08:00  INFO 9584 --- [           main] o.hibernate.jpa.internal.util.LogHelper  : HHH000204: Processing PersistenceUnitInfo [name: default]
2026-05-10T22:24:46.975+08:00  INFO 9584 --- [           main] org.hibernate.Version                    : HHH000412: Hibernate ORM core version 6.6.41.Final
2026-05-10T22:24:47.105+08:00  INFO 9584 --- [           main] o.h.c.internal.RegionFactoryInitiator    : HHH000026: Second-level cache disabled
2026-05-10T22:24:47.775+08:00  INFO 9584 --- [           main] o.s.o.j.p.SpringPersistenceUnitInfo      : No LoadTimeWeaver setup: ignoring JPA class transformer
2026-05-10T22:24:47.907+08:00  INFO 9584 --- [           main] com.zaxxer.hikari.HikariDataSource       : HikariPool-1 - Starting...
2026-05-10T22:24:48.936+08:00  INFO 9584 --- [           main] com.zaxxer.hikari.pool.HikariPool        : HikariPool-1 - Added connection conn0: url=jdbc:h2:mem:kin_test user=SA
2026-05-10T22:24:48.945+08:00  INFO 9584 --- [           main] com.zaxxer.hikari.HikariDataSource       : HikariPool-1 - Start completed.
2026-05-10T22:24:49.070+08:00  WARN 9584 --- [           main] org.hibernate.orm.deprecation            : HHH90000025: H2Dialect does not need to be specified explicitly using 'hibernate.dialect' (remove the property setting and it will be selected by default)
2026-05-10T22:24:49.161+08:00  INFO 9584 --- [           main] org.hibernate.orm.connections.pooling    : HHH10001005: Database info:
	Database JDBC URL [Connecting through datasource 'HikariDataSource (HikariPool-1)']
	Database driver: undefined/unknown
	Database version: 2.3.232
	Autocommit mode: undefined/unknown
	Isolation level: undefined/unknown
	Minimum pool size: undefined/unknown
	Maximum pool size: undefined/unknown
2026-05-10T22:24:51.774+08:00  INFO 9584 --- [           main] o.h.e.t.j.p.i.JtaPlatformInitiator       : HHH000489: No JTA platform available (set 'hibernate.transaction.jta.platform' to enable JTA platform integration)
2026-05-10T22:24:51.889+08:00  INFO 9584 --- [           main] j.LocalContainerEntityManagerFactoryBean : Initialized JPA EntityManagerFactory for persistence unit 'default'
2026-05-10T22:24:53.211+08:00  WARN 9584 --- [           main] JpaBaseConfiguration$JpaWebConfiguration : spring.jpa.open-in-view is enabled by default. Therefore, database queries may be performed during view rendering. Explicitly configure spring.jpa.open-in-view to disable this warning
2026-05-10T22:24:53.238+08:00  WARN 9584 --- [           main] .s.s.UserDetailsServiceAutoConfiguration : 

Using generated security password: aa17a186-57ee-49a8-956e-626cc8a81e69

This generated password is for development use only. Your security configuration must be updated before running your application in production.

2026-05-10T22:24:53.242+08:00  INFO 9584 --- [           main] r$InitializeUserDetailsManagerConfigurer : Global AuthenticationManager configured with UserDetailsService bean with name inMemoryUserDetailsManager
2026-05-10T22:24:53.963+08:00  INFO 9584 --- [           main] com.example.kin.KinApplicationTests      : Started KinApplicationTests in 9.417 seconds (process running for 31.314)
]]></system-out>
  </testcase>
</testsuite>