{"C:\\Users\\junre\\Downloads\\kin (1)\\web\\src\\App.js": {"path":"C:\\Users\\junre\\Downloads\\kin (1)\\web\\src\\App.js","statementMap":{"0":{"start":{"line":14,"column":48},"end":{"line":16,"column":3}},"1":{"start":{"line":19,"column":2},"end":{"line":21,"column":24}},"2":{"start":{"line":20,"column":4},"end":{"line":20,"column":52}},"3":{"start":{"line":23,"column":2},"end":{"line":59,"column":4}}},"fnMap":{"0":{"name":"App","decl":{"start":{"line":12,"column":9},"end":{"line":12,"column":12}},"loc":{"start":{"line":12,"column":15},"end":{"line":60,"column":1}},"line":12},"1":{"name":"(anonymous_1)","decl":{"start":{"line":19,"column":12},"end":{"line":19,"column":13}},"loc":{"start":{"line":19,"column":18},"end":{"line":21,"column":3}},"line":19}},"branchMap":{"0":{"loc":{"start":{"line":35,"column":19},"end":{"line":35,"column":106}},"type":"cond-expr","locations":[{"start":{"line":35,"column":37},"end":{"line":35,"column":79}},{"start":{"line":35,"column":82},"end":{"line":35,"column":106}}],"line":35},"1":{"loc":{"start":{"line":40,"column":19},"end":{"line":40,"column":77}},"type":"cond-expr","locations":[{"start":{"line":40,"column":37},"end":{"line":40,"column":50}},{"start":{"line":40,"column":53},"end":{"line":40,"column":77}}],"line":40},"2":{"loc":{"start":{"line":45,"column":19},"end":{"line":45,"column":79}},"type":"cond-expr","locations":[{"start":{"line":45,"column":37},"end":{"line":45,"column":52}},{"start":{"line":45,"column":55},"end":{"line":45,"column":79}}],"line":45},"3":{"loc":{"start":{"line":50,"column":19},"end":{"line":50,"column":83}},"type":"cond-expr","locations":[{"start":{"line":50,"column":37},"end":{"line":50,"column":56}},{"start":{"line":50,"column":59},"end":{"line":50,"column":83}}],"line":50}},"s":{"0":1,"1":1,"2":1,"3":1},"f":{"0":1,"1":1},"b":{"0":[0,1],"1":[0,1],"2":[0,1],"3":[0,1]},"_coverageSchema":"1a1c01bbd47fc00a2c39e90264f33305004495a9","hash":"7cb22d4dc971bbdbb12fb13f97cec2cca6228e8b"}
,"C:\\Users\\junre\\Downloads\\kin (1)\\web\\src\\index.js": {"path":"C:\\Users\\junre\\Downloads\\kin (1)\\web\\src\\index.js","statementMap":{"0":{"start":{"line":7,"column":13},"end":{"line":7,"column":65}},"1":{"start":{"line":8,"column":0},"end":{"line":12,"column":2}},"2":{"start":{"line":17,"column":0},"end":{"line":17,"column":18}}},"fnMap":{},"branchMap":{},"s":{"0":0,"1":0,"2":0},"f":{},"b":{}}
,"C:\\Users\\junre\\Downloads\\kin (1)\\web\\src\\reportWebVitals.js": {"path":"C:\\Users\\junre\\Downloads\\kin (1)\\web\\src\\reportWebVitals.js","statementMap":{"0":{"start":{"line":1,"column":24},"end":{"line":11,"column":1}},"1":{"start":{"line":2,"column":2},"end":{"line":10,"column":3}},"2":{"start":{"line":3,"column":4},"end":{"line":9,"column":7}},"3":{"start":{"line":4,"column":6},"end":{"line":4,"column":26}},"4":{"start":{"line":5,"column":6},"end":{"line":5,"column":26}},"5":{"start":{"line":6,"column":6},"end":{"line":6,"column":26}},"6":{"start":{"line":7,"column":6},"end":{"line":7,"column":26}},"7":{"start":{"line":8,"column":6},"end":{"line":8,"column":27}}},"fnMap":{"0":{"name":"(anonymous_0)","decl":{"start":{"line":1,"column":24},"end":{"line":1,"column":25}},"loc":{"start":{"line":1,"column":39},"end":{"line":11,"column":1}},"line":1},"1":{"name":"(anonymous_1)","decl":{"start":{"line":3,"column":30},"end":{"line":3,"column":31}},"loc":{"start":{"line":3,"column":79},"end":{"line":9,"column":5}},"line":3}},"branchMap":{"0":{"loc":{"start":{"line":2,"column":2},"end":{"line":10,"column":3}},"type":"if","locations":[{"start":{"line":2,"column":2},"end":{"line":10,"column":3}},{"start":{},"end":{}}],"line":2},"1":{"loc":{"start":{"line":2,"column":6},"end":{"line":2,"column":52}},"type":"binary-expr","locations":[{"start":{"line":2,"column":6},"end":{"line":2,"column":17}},{"start":{"line":2,"column":21},"end":{"line":2,"column":52}}],"line":2}},"s":{"0":0,"1":0,"2":0,"3":0,"4":0,"5":0,"6":0,"7":0},"f":{"0":0,"1":0},"b":{"0":[0,0],"1":[0,0]}}
,"C:\\Users\\junre\\Downloads\\kin (1)\\web\\src\\features\\auth\\Landing.js": {"path":"C:\\Users\\junre\\Downloads\\kin (1)\\web\\src\\features\\auth\\Landing.js","statementMap":{"0":{"start":{"line":6,"column":16},"end":{"line":112,"column":1}},"1":{"start":{"line":7,"column":19},"end":{"line":7,"column":32}},"2":{"start":{"line":9,"column":24},"end":{"line":20,"column":3}},"3":{"start":{"line":22,"column":26},"end":{"line":30,"column":3}},"4":{"start":{"line":32,"column":22},"end":{"line":38,"column":3}},"5":{"start":{"line":40,"column":2},"end":{"line":111,"column":4}},"6":{"start":{"line":62,"column":76},"end":{"line":62,"column":94}},"7":{"start":{"line":65,"column":76},"end":{"line":65,"column":97}},"8":{"start":{"line":101,"column":18},"end":{"line":103,"column":24}}},"fnMap":{"0":{"name":"(anonymous_0)","decl":{"start":{"line":6,"column":16},"end":{"line":6,"column":17}},"loc":{"start":{"line":6,"column":22},"end":{"line":112,"column":1}},"line":6},"1":{"name":"(anonymous_1)","decl":{"start":{"line":62,"column":70},"end":{"line":62,"column":71}},"loc":{"start":{"line":62,"column":76},"end":{"line":62,"column":94}},"line":62},"2":{"name":"(anonymous_2)","decl":{"start":{"line":65,"column":70},"end":{"line":65,"column":71}},"loc":{"start":{"line":65,"column":76},"end":{"line":65,"column":97}},"line":65},"3":{"name":"(anonymous_3)","decl":{"start":{"line":100,"column":22},"end":{"line":100,"column":23}},"loc":{"start":{"line":101,"column":18},"end":{"line":103,"column":24}},"line":101}},"branchMap":{},"s":{"0":1,"1":1,"2":1,"3":1,"4":1,"5":1,"6":0,"7":0,"8":3},"f":{"0":1,"1":0,"2":0,"3":3},"b":{},"_coverageSchema":"1a1c01bbd47fc00a2c39e90264f33305004495a9","hash":"1cd64684a37f6ae96c2e24b9a9e3b444cbb91a08"}
,"C:\\Users\\junre\\Downloads\\kin (1)\\web\\src\\features\\auth\\Login.js": {"path":"C:\\Users\\junre\\Downloads\\kin (1)\\web\\src\\features\\auth\\Login.js","statementMap":{"0":{"start":{"line":7,"column":33},"end":{"line":7,"column":78}},"1":{"start":{"line":7,"column":44},"end":{"line":7,"column":78}},"2":{"start":{"line":9,"column":14},"end":{"line":172,"column":1}},"3":{"start":{"line":10,"column":19},"end":{"line":10,"column":32}},"4":{"start":{"line":11,"column":19},"end":{"line":11,"column":32}},"5":{"start":{"line":12,"column":28},"end":{"line":12,"column":70}},"6":{"start":{"line":13,"column":34},"end":{"line":13,"column":46}},"7":{"start":{"line":15,"column":17},"end":{"line":20,"column":3}},"8":{"start":{"line":22,"column":22},"end":{"line":48,"column":3}},"9":{"start":{"line":23,"column":4},"end":{"line":23,"column":23}},"10":{"start":{"line":24,"column":4},"end":{"line":47,"column":5}},"11":{"start":{"line":25,"column":30},"end":{"line":25,"column":61}},"12":{"start":{"line":26,"column":23},"end":{"line":30,"column":8}},"13":{"start":{"line":32,"column":6},"end":{"line":43,"column":7}},"14":{"start":{"line":33,"column":8},"end":{"line":40,"column":11}},"15":{"start":{"line":41,"column":8},"end":{"line":41,"column":22}},"16":{"start":{"line":42,"column":8},"end":{"line":42,"column":31}},"17":{"start":{"line":45,"column":6},"end":{"line":45,"column":62}},"18":{"start":{"line":46,"column":6},"end":{"line":46,"column":59}},"19":{"start":{"line":50,"column":21},"end":{"line":60,"column":3}},"20":{"start":{"line":62,"column":2},"end":{"line":171,"column":4}},"21":{"start":{"line":112,"column":31},"end":{"line":112,"column":55}},"22":{"start":{"line":128,"column":31},"end":{"line":128,"column":58}},"23":{"start":{"line":154,"column":25},"end":{"line":154,"column":38}}},"fnMap":{"0":{"name":"(anonymous_0)","decl":{"start":{"line":7,"column":33},"end":{"line":7,"column":34}},"loc":{"start":{"line":7,"column":44},"end":{"line":7,"column":78}},"line":7},"1":{"name":"(anonymous_1)","decl":{"start":{"line":9,"column":14},"end":{"line":9,"column":15}},"loc":{"start":{"line":9,"column":31},"end":{"line":172,"column":1}},"line":9},"2":{"name":"(anonymous_2)","decl":{"start":{"line":22,"column":22},"end":{"line":22,"column":23}},"loc":{"start":{"line":22,"column":35},"end":{"line":48,"column":3}},"line":22},"3":{"name":"(anonymous_3)","decl":{"start":{"line":112,"column":24},"end":{"line":112,"column":25}},"loc":{"start":{"line":112,"column":31},"end":{"line":112,"column":55}},"line":112},"4":{"name":"(anonymous_4)","decl":{"start":{"line":128,"column":24},"end":{"line":128,"column":25}},"loc":{"start":{"line":128,"column":31},"end":{"line":128,"column":58}},"line":128},"5":{"name":"(anonymous_5)","decl":{"start":{"line":154,"column":19},"end":{"line":154,"column":20}},"loc":{"start":{"line":154,"column":25},"end":{"line":154,"column":38}},"line":154}},"branchMap":{"0":{"loc":{"start":{"line":7,"column":45},"end":{"line":7,"column":56}},"type":"binary-expr","locations":[{"start":{"line":7,"column":45},"end":{"line":7,"column":50}},{"start":{"line":7,"column":54},"end":{"line":7,"column":56}}],"line":7},"1":{"loc":{"start":{"line":12,"column":37},"end":{"line":12,"column":69}},"type":"binary-expr","locations":[{"start":{"line":12,"column":37},"end":{"line":12,"column":63}},{"start":{"line":12,"column":67},"end":{"line":12,"column":69}}],"line":12},"2":{"loc":{"start":{"line":32,"column":6},"end":{"line":43,"column":7}},"type":"if","locations":[{"start":{"line":32,"column":6},"end":{"line":43,"column":7}},{"start":{},"end":{}}],"line":32},"3":{"loc":{"start":{"line":35,"column":21},"end":{"line":35,"column":50}},"type":"binary-expr","locations":[{"start":{"line":35,"column":21},"end":{"line":35,"column":44}},{"start":{"line":35,"column":48},"end":{"line":35,"column":50}}],"line":35},"4":{"loc":{"start":{"line":36,"column":20},"end":{"line":36,"column":48}},"type":"binary-expr","locations":[{"start":{"line":36,"column":20},"end":{"line":36,"column":42}},{"start":{"line":36,"column":46},"end":{"line":36,"column":48}}],"line":36},"5":{"loc":{"start":{"line":39,"column":22},"end":{"line":39,"column":52}},"type":"binary-expr","locations":[{"start":{"line":39,"column":22},"end":{"line":39,"column":46}},{"start":{"line":39,"column":50},"end":{"line":39,"column":52}}],"line":39},"6":{"loc":{"start":{"line":45,"column":12},"end":{"line":45,"column":60}},"type":"binary-expr","locations":[{"start":{"line":45,"column":12},"end":{"line":45,"column":41}},{"start":{"line":45,"column":45},"end":{"line":45,"column":60}}],"line":45}},"s":{"0":1,"1":0,"2":1,"3":0,"4":0,"5":0,"6":0,"7":0,"8":0,"9":0,"10":0,"11":0,"12":0,"13":0,"14":0,"15":0,"16":0,"17":0,"18":0,"19":0,"20":0,"21":0,"22":0,"23":0},"f":{"0":0,"1":0,"2":0,"3":0,"4":0,"5":0},"b":{"0":[0,0],"1":[0,0],"2":[0,0],"3":[0,0],"4":[0,0],"5":[0,0],"6":[0,0]},"_coverageSchema":"1a1c01bbd47fc00a2c39e90264f33305004495a9","hash":"0412561d9372d36aa1bdca38fef24f42b626a9fb"}
,"C:\\Users\\junre\\Downloads\\kin (1)\\web\\src\\features\\auth\\Register.js": {"path":"C:\\Users\\junre\\Downloads\\kin (1)\\web\\src\\features\\auth\\Register.js","statementMap":{"0":{"start":{"line":7,"column":29},"end":{"line":19,"column":1}},"1":{"start":{"line":8,"column":20},"end":{"line":12,"column":31}},"2":{"start":{"line":8,"column":31},"end":{"line":12,"column":31}},"3":{"start":{"line":14,"column":16},"end":{"line":14,"column":43}},"4":{"start":{"line":15,"column":15},"end":{"line":15,"column":41}},"5":{"start":{"line":17,"column":2},"end":{"line":17,"column":51}},"6":{"start":{"line":17,"column":23},"end":{"line":17,"column":51}},"7":{"start":{"line":18,"column":2},"end":{"line":18,"column":28}},"8":{"start":{"line":21,"column":26},"end":{"line":21,"column":105}},"9":{"start":{"line":21,"column":51},"end":{"line":21,"column":105}},"10":{"start":{"line":23,"column":17},"end":{"line":248,"column":1}},"11":{"start":{"line":24,"column":19},"end":{"line":24,"column":32}},"12":{"start":{"line":25,"column":34},"end":{"line":31,"column":4}},"13":{"start":{"line":32,"column":52},"end":{"line":32,"column":67}},"14":{"start":{"line":33,"column":54},"end":{"line":33,"column":66}},"15":{"start":{"line":34,"column":48},"end":{"line":34,"column":60}},"16":{"start":{"line":35,"column":36},"end":{"line":35,"column":48}},"17":{"start":{"line":37,"column":17},"end":{"line":42,"column":3}},"18":{"start":{"line":44,"column":25},"end":{"line":72,"column":3}},"19":{"start":{"line":45,"column":4},"end":{"line":45,"column":23}},"20":{"start":{"line":46,"column":4},"end":{"line":46,"column":21}},"21":{"start":{"line":48,"column":4},"end":{"line":51,"column":5}},"22":{"start":{"line":49,"column":6},"end":{"line":49,"column":46}},"23":{"start":{"line":50,"column":6},"end":{"line":50,"column":13}},"24":{"start":{"line":53,"column":4},"end":{"line":71,"column":5}},"25":{"start":{"line":54,"column":29},"end":{"line":54,"column":85}},"26":{"start":{"line":55,"column":23},"end":{"line":61,"column":8}},"27":{"start":{"line":63,"column":6},"end":{"line":67,"column":7}},"28":{"start":{"line":64,"column":8},"end":{"line":64,"column":118}},"29":{"start":{"line":65,"column":8},"end":{"line":65,"column":67}},"30":{"start":{"line":66,"column":8},"end":{"line":66,"column":35}},"31":{"start":{"line":69,"column":6},"end":{"line":69,"column":50}},"32":{"start":{"line":70,"column":6},"end":{"line":70,"column":97}},"33":{"start":{"line":74,"column":30},"end":{"line":74,"column":69}},"34":{"start":{"line":75,"column":21},"end":{"line":85,"column":3}},"35":{"start":{"line":86,"column":20},"end":{"line":86,"column":97}},"36":{"start":{"line":88,"column":2},"end":{"line":247,"column":4}},"37":{"start":{"line":124,"column":33},"end":{"line":124,"column":88}},"38":{"start":{"line":135,"column":33},"end":{"line":135,"column":87}},"39":{"start":{"line":173,"column":31},"end":{"line":173,"column":85}},"40":{"start":{"line":184,"column":31},"end":{"line":184,"column":92}},"41":{"start":{"line":213,"column":26},"end":{"line":213,"column":44}},"42":{"start":{"line":218,"column":25},"end":{"line":218,"column":38}},"43":{"start":{"line":241,"column":25},"end":{"line":241,"column":122}},"44":{"start":{"line":242,"column":24},"end":{"line":242,"column":51}}},"fnMap":{"0":{"name":"(anonymous_0)","decl":{"start":{"line":7,"column":29},"end":{"line":7,"column":30}},"loc":{"start":{"line":7,"column":54},"end":{"line":19,"column":1}},"line":7},"1":{"name":"(anonymous_1)","decl":{"start":{"line":8,"column":20},"end":{"line":8,"column":21}},"loc":{"start":{"line":8,"column":31},"end":{"line":12,"column":31}},"line":8},"2":{"name":"(anonymous_2)","decl":{"start":{"line":21,"column":26},"end":{"line":21,"column":27}},"loc":{"start":{"line":21,"column":51},"end":{"line":21,"column":105}},"line":21},"3":{"name":"(anonymous_3)","decl":{"start":{"line":23,"column":17},"end":{"line":23,"column":18}},"loc":{"start":{"line":23,"column":23},"end":{"line":248,"column":1}},"line":23},"4":{"name":"(anonymous_4)","decl":{"start":{"line":44,"column":25},"end":{"line":44,"column":26}},"loc":{"start":{"line":44,"column":38},"end":{"line":72,"column":3}},"line":44},"5":{"name":"(anonymous_5)","decl":{"start":{"line":124,"column":26},"end":{"line":124,"column":27}},"loc":{"start":{"line":124,"column":33},"end":{"line":124,"column":88}},"line":124},"6":{"name":"(anonymous_6)","decl":{"start":{"line":135,"column":26},"end":{"line":135,"column":27}},"loc":{"start":{"line":135,"column":33},"end":{"line":135,"column":87}},"line":135},"7":{"name":"(anonymous_7)","decl":{"start":{"line":173,"column":24},"end":{"line":173,"column":25}},"loc":{"start":{"line":173,"column":31},"end":{"line":173,"column":85}},"line":173},"8":{"name":"(anonymous_8)","decl":{"start":{"line":184,"column":24},"end":{"line":184,"column":25}},"loc":{"start":{"line":184,"column":31},"end":{"line":184,"column":92}},"line":184},"9":{"name":"(anonymous_9)","decl":{"start":{"line":213,"column":20},"end":{"line":213,"column":21}},"loc":{"start":{"line":213,"column":26},"end":{"line":213,"column":44}},"line":213},"10":{"name":"(anonymous_10)","decl":{"start":{"line":218,"column":19},"end":{"line":218,"column":20}},"loc":{"start":{"line":218,"column":25},"end":{"line":218,"column":38}},"line":218},"11":{"name":"(anonymous_11)","decl":{"start":{"line":241,"column":19},"end":{"line":241,"column":20}},"loc":{"start":{"line":241,"column":25},"end":{"line":241,"column":122}},"line":241},"12":{"name":"(anonymous_12)","decl":{"start":{"line":242,"column":18},"end":{"line":242,"column":19}},"loc":{"start":{"line":242,"column":24},"end":{"line":242,"column":51}},"line":242}},"branchMap":{"0":{"loc":{"start":{"line":17,"column":2},"end":{"line":17,"column":51}},"type":"if","locations":[{"start":{"line":17,"column":2},"end":{"line":17,"column":51}},{"start":{},"end":{}}],"line":17},"1":{"loc":{"start":{"line":17,"column":6},"end":{"line":17,"column":21}},"type":"binary-expr","locations":[{"start":{"line":17,"column":6},"end":{"line":17,"column":12}},{"start":{"line":17,"column":16},"end":{"line":17,"column":21}}],"line":17},"2":{"loc":{"start":{"line":48,"column":4},"end":{"line":51,"column":5}},"type":"if","locations":[{"start":{"line":48,"column":4},"end":{"line":51,"column":5}},{"start":{},"end":{}}],"line":48},"3":{"loc":{"start":{"line":63,"column":6},"end":{"line":67,"column":7}},"type":"if","locations":[{"start":{"line":63,"column":6},"end":{"line":67,"column":7}},{"start":{},"end":{}}],"line":63},"4":{"loc":{"start":{"line":63,"column":10},"end":{"line":63,"column":60}},"type":"binary-expr","locations":[{"start":{"line":63,"column":10},"end":{"line":63,"column":33}},{"start":{"line":63,"column":37},"end":{"line":63,"column":60}}],"line":63},"5":{"loc":{"start":{"line":64,"column":30},"end":{"line":64,"column":116}},"type":"binary-expr","locations":[{"start":{"line":64,"column":30},"end":{"line":64,"column":53}},{"start":{"line":64,"column":57},"end":{"line":64,"column":116}}],"line":64},"6":{"loc":{"start":{"line":65,"column":27},"end":{"line":65,"column":65}},"type":"binary-expr","locations":[{"start":{"line":65,"column":27},"end":{"line":65,"column":47}},{"start":{"line":65,"column":51},"end":{"line":65,"column":65}}],"line":65},"7":{"loc":{"start":{"line":70,"column":19},"end":{"line":70,"column":95}},"type":"binary-expr","locations":[{"start":{"line":70,"column":19},"end":{"line":70,"column":48}},{"start":{"line":70,"column":52},"end":{"line":70,"column":95}}],"line":70},"8":{"loc":{"start":{"line":207,"column":9},"end":{"line":211,"column":9}},"type":"binary-expr","locations":[{"start":{"line":207,"column":9},"end":{"line":207,"column":18}},{"start":{"line":208,"column":10},"end":{"line":210,"column":16}}],"line":207},"9":{"loc":{"start":{"line":238,"column":45},"end":{"line":238,"column":141}},"type":"binary-expr","locations":[{"start":{"line":238,"column":45},"end":{"line":238,"column":60}},{"start":{"line":238,"column":65},"end":{"line":238,"column":140}}],"line":238},"10":{"loc":{"start":{"line":238,"column":65},"end":{"line":238,"column":140}},"type":"cond-expr","locations":[{"start":{"line":238,"column":86},"end":{"line":238,"column":117}},{"start":{"line":238,"column":120},"end":{"line":238,"column":140}}],"line":238},"11":{"loc":{"start":{"line":241,"column":67},"end":{"line":241,"column":117}},"type":"binary-expr","locations":[{"start":{"line":241,"column":67},"end":{"line":241,"column":82}},{"start":{"line":241,"column":86},"end":{"line":241,"column":117}}],"line":241}},"s":{"0":1,"1":0,"2":0,"3":0,"4":0,"5":0,"6":0,"7":0,"8":1,"9":0,"10":1,"11":0,"12":0,"13":0,"14":0,"15":0,"16":0,"17":0,"18":0,"19":0,"20":0,"21":0,"22":0,"23":0,"24":0,"25":0,"26":0,"27":0,"28":0,"29":0,"30":0,"31":0,"32":0,"33":0,"34":0,"35":0,"36":0,"37":0,"38":0,"39":0,"40":0,"41":0,"42":0,"43":0,"44":0},"f":{"0":0,"1":0,"2":0,"3":0,"4":0,"5":0,"6":0,"7":0,"8":0,"9":0,"10":0,"11":0,"12":0},"b":{"0":[0,0],"1":[0,0],"2":[0,0],"3":[0,0],"4":[0,0],"5":[0,0],"6":[0,0],"7":[0,0],"8":[0,0],"9":[0,0],"10":[0,0],"11":[0,0]},"_coverageSchema":"1a1c01bbd47fc00a2c39e90264f33305004495a9","hash":"2d91cc0a18e9a94bdbc44b178f8c46997583f20b"}
,"C:\\Users\\junre\\Downloads\\kin (1)\\web\\src\\features\\borrowing\\BorrowHub.js": {"path":"C:\\Users\\junre\\Downloads\\kin (1)\\web\\src\\features\\borrowing\\BorrowHub.js","statementMap":{"0":{"start":{"line":10,"column":18},"end":{"line":375,"column":1}},"1":{"start":{"line":11,"column":19},"end":{"line":11,"column":32}},"2":{"start":{"line":12,"column":52},"end":{"line":12,"column":64}},"3":{"start":{"line":13,"column":48},"end":{"line":13,"column":60}},"4":{"start":{"line":14,"column":58},"end":{"line":14,"column":70}},"5":{"start":{"line":15,"column":34},"end":{"line":15,"column":46}},"6":{"start":{"line":16,"column":38},"end":{"line":16,"column":52}},"7":{"start":{"line":17,"column":58},"end":{"line":17,"column":72}},"8":{"start":{"line":18,"column":65},"end":{"line":18,"column":83}},"9":{"start":{"line":20,"column":17},"end":{"line":26,"column":3}},"10":{"start":{"line":27,"column":28},"end":{"line":35,"column":3}},"11":{"start":{"line":28,"column":4},"end":{"line":28,"column":33}},"12":{"start":{"line":28,"column":19},"end":{"line":28,"column":33}},"13":{"start":{"line":29,"column":4},"end":{"line":31,"column":5}},"14":{"start":{"line":30,"column":6},"end":{"line":30,"column":54}},"15":{"start":{"line":33,"column":20},"end":{"line":33,"column":84}},"16":{"start":{"line":34,"column":4},"end":{"line":34,"column":41}},"17":{"start":{"line":37,"column":27},"end":{"line":73,"column":3}},"18":{"start":{"line":38,"column":16},"end":{"line":38,"column":36}},"19":{"start":{"line":39,"column":4},"end":{"line":41,"column":5}},"20":{"start":{"line":40,"column":6},"end":{"line":40,"column":53}},"21":{"start":{"line":43,"column":18},"end":{"line":43,"column":75}},"22":{"start":{"line":43,"column":47},"end":{"line":43,"column":58}},"23":{"start":{"line":44,"column":23},"end":{"line":44,"column":25}},"24":{"start":{"line":45,"column":24},"end":{"line":45,"column":26}},"25":{"start":{"line":47,"column":4},"end":{"line":66,"column":7}},"26":{"start":{"line":48,"column":6},"end":{"line":51,"column":7}},"27":{"start":{"line":49,"column":8},"end":{"line":49,"column":64}},"28":{"start":{"line":50,"column":8},"end":{"line":50,"column":15}},"29":{"start":{"line":53,"column":6},"end":{"line":56,"column":7}},"30":{"start":{"line":54,"column":8},"end":{"line":54,"column":64}},"31":{"start":{"line":55,"column":8},"end":{"line":55,"column":15}},"32":{"start":{"line":58,"column":6},"end":{"line":61,"column":7}},"33":{"start":{"line":59,"column":8},"end":{"line":59,"column":28}},"34":{"start":{"line":60,"column":8},"end":{"line":60,"column":15}},"35":{"start":{"line":63,"column":6},"end":{"line":65,"column":7}},"36":{"start":{"line":64,"column":8},"end":{"line":64,"column":29}},"37":{"start":{"line":68,"column":4},"end":{"line":70,"column":5}},"38":{"start":{"line":69,"column":6},"end":{"line":69,"column":26}},"39":{"start":{"line":72,"column":4},"end":{"line":72,"column":43}},"40":{"start":{"line":75,"column":19},"end":{"line":149,"column":3}},"41":{"start":{"line":76,"column":74},"end":{"line":82,"column":6}},"42":{"start":{"line":83,"column":4},"end":{"line":83,"column":22}},"43":{"start":{"line":83,"column":15},"end":{"line":83,"column":22}},"44":{"start":{"line":84,"column":4},"end":{"line":86,"column":5}},"45":{"start":{"line":85,"column":6},"end":{"line":85,"column":65}},"46":{"start":{"line":88,"column":21},"end":{"line":88,"column":31}},"47":{"start":{"line":90,"column":24},"end":{"line":90,"column":33}},"48":{"start":{"line":91,"column":35},"end":{"line":91,"column":44}},"49":{"start":{"line":92,"column":32},"end":{"line":92,"column":34}},"50":{"start":{"line":93,"column":4},"end":{"line":119,"column":7}},"51":{"start":{"line":94,"column":19},"end":{"line":94,"column":50}},"52":{"start":{"line":96,"column":6},"end":{"line":102,"column":7}},"53":{"start":{"line":97,"column":20},"end":{"line":97,"column":41}},"54":{"start":{"line":98,"column":31},"end":{"line":98,"column":62}},"55":{"start":{"line":99,"column":8},"end":{"line":101,"column":9}},"56":{"start":{"line":100,"column":10},"end":{"line":100,"column":49}},"57":{"start":{"line":104,"column":6},"end":{"line":104,"column":35}},"58":{"start":{"line":104,"column":28},"end":{"line":104,"column":35}},"59":{"start":{"line":106,"column":25},"end":{"line":106,"column":44}},"60":{"start":{"line":107,"column":35},"end":{"line":107,"column":66}},"61":{"start":{"line":108,"column":6},"end":{"line":110,"column":7}},"62":{"start":{"line":109,"column":8},"end":{"line":109,"column":84}},"63":{"start":{"line":112,"column":6},"end":{"line":112,"column":50}},"64":{"start":{"line":112,"column":43},"end":{"line":112,"column":50}},"65":{"start":{"line":114,"column":18},"end":{"line":114,"column":34}},"66":{"start":{"line":115,"column":22},"end":{"line":115,"column":42}},"67":{"start":{"line":116,"column":6},"end":{"line":118,"column":7}},"68":{"start":{"line":117,"column":8},"end":{"line":117,"column":72}},"69":{"start":{"line":121,"column":4},"end":{"line":125,"column":6}},"70":{"start":{"line":123,"column":24},"end":{"line":123,"column":71}},"71":{"start":{"line":126,"column":4},"end":{"line":126,"column":44}},"72":{"start":{"line":127,"column":4},"end":{"line":136,"column":6}},"73":{"start":{"line":129,"column":24},"end":{"line":129,"column":66}},"74":{"start":{"line":130,"column":24},"end":{"line":130,"column":66}},"75":{"start":{"line":131,"column":8},"end":{"line":133,"column":9}},"76":{"start":{"line":132,"column":10},"end":{"line":132,"column":34}},"77":{"start":{"line":134,"column":8},"end":{"line":134,"column":73}},"78":{"start":{"line":138,"column":4},"end":{"line":148,"column":5}},"79":{"start":{"line":139,"column":27},"end":{"line":144,"column":8}},"80":{"start":{"line":140,"column":33},"end":{"line":140,"column":45}},"81":{"start":{"line":141,"column":51},"end":{"line":141,"column":84}},"82":{"start":{"line":143,"column":64},"end":{"line":143,"column":114}},"83":{"start":{"line":145,"column":6},"end":{"line":145,"column":66}},"84":{"start":{"line":145,"column":32},"end":{"line":145,"column":63}},"85":{"start":{"line":147,"column":6},"end":{"line":147,"column":61}},"86":{"start":{"line":151,"column":2},"end":{"line":159,"column":19}},"87":{"start":{"line":152,"column":4},"end":{"line":152,"column":15}},"88":{"start":{"line":153,"column":16},"end":{"line":153,"column":139}},"89":{"start":{"line":154,"column":23},"end":{"line":154,"column":156}},"90":{"start":{"line":155,"column":4},"end":{"line":158,"column":6}},"91":{"start":{"line":156,"column":6},"end":{"line":156,"column":34}},"92":{"start":{"line":157,"column":6},"end":{"line":157,"column":41}},"93":{"start":{"line":161,"column":25},"end":{"line":189,"column":3}},"94":{"start":{"line":162,"column":4},"end":{"line":162,"column":59}},"95":{"start":{"line":162,"column":52},"end":{"line":162,"column":59}},"96":{"start":{"line":164,"column":29},"end":{"line":164,"column":60}},"97":{"start":{"line":165,"column":27},"end":{"line":165,"column":235}},"98":{"start":{"line":166,"column":27},"end":{"line":170,"column":5}},"99":{"start":{"line":171,"column":38},"end":{"line":171,"column":133}},"100":{"start":{"line":173,"column":20},"end":{"line":173,"column":87}},"101":{"start":{"line":174,"column":37},"end":{"line":176,"column":66}},"102":{"start":{"line":178,"column":4},"end":{"line":180,"column":5}},"103":{"start":{"line":179,"column":6},"end":{"line":179,"column":77}},"104":{"start":{"line":182,"column":4},"end":{"line":186,"column":5}},"105":{"start":{"line":183,"column":6},"end":{"line":183,"column":54}},"106":{"start":{"line":184,"column":6},"end":{"line":184,"column":63}},"107":{"start":{"line":185,"column":6},"end":{"line":185,"column":13}},"108":{"start":{"line":188,"column":4},"end":{"line":188,"column":220}},"109":{"start":{"line":191,"column":30},"end":{"line":214,"column":3}},"110":{"start":{"line":192,"column":4},"end":{"line":192,"column":132}},"111":{"start":{"line":192,"column":125},"end":{"line":192,"column":132}},"112":{"start":{"line":194,"column":26},"end":{"line":194,"column":46}},"113":{"start":{"line":195,"column":4},"end":{"line":195,"column":36}},"114":{"start":{"line":197,"column":29},"end":{"line":197,"column":46}},"115":{"start":{"line":198,"column":4},"end":{"line":198,"column":96}},"116":{"start":{"line":198,"column":38},"end":{"line":198,"column":94}},"117":{"start":{"line":198,"column":64},"end":{"line":198,"column":93}},"118":{"start":{"line":200,"column":22},"end":{"line":204,"column":33}},"119":{"start":{"line":206,"column":4},"end":{"line":210,"column":5}},"120":{"start":{"line":207,"column":6},"end":{"line":207,"column":55}},"121":{"start":{"line":208,"column":6},"end":{"line":208,"column":45}},"122":{"start":{"line":209,"column":6},"end":{"line":209,"column":53}},"123":{"start":{"line":212,"column":4},"end":{"line":212,"column":24}},"124":{"start":{"line":213,"column":4},"end":{"line":213,"column":34}},"125":{"start":{"line":216,"column":2},"end":{"line":374,"column":4}},"126":{"start":{"line":219,"column":66},"end":{"line":219,"column":88}},"127":{"start":{"line":241,"column":16},"end":{"line":250,"column":25}},"128":{"start":{"line":245,"column":33},"end":{"line":245,"column":118}},"129":{"start":{"line":258,"column":26},"end":{"line":258,"column":53}},"130":{"start":{"line":259,"column":31},"end":{"line":259,"column":52}},"131":{"start":{"line":260,"column":52},"end":{"line":260,"column":83}},"132":{"start":{"line":261,"column":34},"end":{"line":261,"column":74}},"133":{"start":{"line":262,"column":38},"end":{"line":262,"column":126}},"134":{"start":{"line":263,"column":34},"end":{"line":263,"column":65}},"135":{"start":{"line":264,"column":35},"end":{"line":264,"column":100}},"136":{"start":{"line":265,"column":29},"end":{"line":265,"column":51}},"137":{"start":{"line":266,"column":32},"end":{"line":266,"column":72}},"138":{"start":{"line":267,"column":33},"end":{"line":267,"column":97}},"139":{"start":{"line":268,"column":36},"end":{"line":268,"column":92}},"140":{"start":{"line":269,"column":28},"end":{"line":269,"column":67}},"141":{"start":{"line":270,"column":32},"end":{"line":278,"column":31}},"142":{"start":{"line":280,"column":12},"end":{"line":356,"column":14}},"143":{"start":{"line":295,"column":37},"end":{"line":295,"column":65}},"144":{"start":{"line":342,"column":20},"end":{"line":345,"column":21}},"145":{"start":{"line":343,"column":22},"end":{"line":343,"column":238}},"146":{"start":{"line":344,"column":22},"end":{"line":344,"column":29}},"147":{"start":{"line":347,"column":20},"end":{"line":349,"column":21}},"148":{"start":{"line":348,"column":22},"end":{"line":348,"column":42}},"149":{"start":{"line":368,"column":24},"end":{"line":368,"column":68}}},"fnMap":{"0":{"name":"(anonymous_0)","decl":{"start":{"line":10,"column":18},"end":{"line":10,"column":19}},"loc":{"start":{"line":10,"column":24},"end":{"line":375,"column":1}},"line":10},"1":{"name":"(anonymous_1)","decl":{"start":{"line":27,"column":28},"end":{"line":27,"column":29}},"loc":{"start":{"line":27,"column":42},"end":{"line":35,"column":3}},"line":27},"2":{"name":"(anonymous_2)","decl":{"start":{"line":37,"column":27},"end":{"line":37,"column":28}},"loc":{"start":{"line":37,"column":38},"end":{"line":73,"column":3}},"line":37},"3":{"name":"(anonymous_3)","decl":{"start":{"line":43,"column":37},"end":{"line":43,"column":38}},"loc":{"start":{"line":43,"column":47},"end":{"line":43,"column":58}},"line":43},"4":{"name":"(anonymous_4)","decl":{"start":{"line":47,"column":18},"end":{"line":47,"column":19}},"loc":{"start":{"line":47,"column":28},"end":{"line":66,"column":5}},"line":47},"5":{"name":"(anonymous_5)","decl":{"start":{"line":75,"column":19},"end":{"line":75,"column":20}},"loc":{"start":{"line":75,"column":31},"end":{"line":149,"column":3}},"line":75},"6":{"name":"(anonymous_6)","decl":{"start":{"line":93,"column":32},"end":{"line":93,"column":33}},"loc":{"start":{"line":93,"column":43},"end":{"line":119,"column":5}},"line":93},"7":{"name":"(anonymous_7)","decl":{"start":{"line":123,"column":14},"end":{"line":123,"column":15}},"loc":{"start":{"line":123,"column":24},"end":{"line":123,"column":71}},"line":123},"8":{"name":"(anonymous_8)","decl":{"start":{"line":128,"column":25},"end":{"line":128,"column":26}},"loc":{"start":{"line":128,"column":35},"end":{"line":135,"column":7}},"line":128},"9":{"name":"(anonymous_9)","decl":{"start":{"line":140,"column":24},"end":{"line":140,"column":25}},"loc":{"start":{"line":140,"column":33},"end":{"line":140,"column":45}},"line":140},"10":{"name":"(anonymous_10)","decl":{"start":{"line":141,"column":41},"end":{"line":141,"column":42}},"loc":{"start":{"line":141,"column":51},"end":{"line":141,"column":84}},"line":141},"11":{"name":"(anonymous_11)","decl":{"start":{"line":143,"column":54},"end":{"line":143,"column":55}},"loc":{"start":{"line":143,"column":64},"end":{"line":143,"column":114}},"line":143},"12":{"name":"(anonymous_12)","decl":{"start":{"line":145,"column":18},"end":{"line":145,"column":19}},"loc":{"start":{"line":145,"column":32},"end":{"line":145,"column":63}},"line":145},"13":{"name":"(anonymous_13)","decl":{"start":{"line":151,"column":12},"end":{"line":151,"column":13}},"loc":{"start":{"line":151,"column":18},"end":{"line":159,"column":3}},"line":151},"14":{"name":"(anonymous_14)","decl":{"start":{"line":155,"column":11},"end":{"line":155,"column":12}},"loc":{"start":{"line":155,"column":17},"end":{"line":158,"column":5}},"line":155},"15":{"name":"(anonymous_15)","decl":{"start":{"line":161,"column":25},"end":{"line":161,"column":26}},"loc":{"start":{"line":161,"column":40},"end":{"line":189,"column":3}},"line":161},"16":{"name":"(anonymous_16)","decl":{"start":{"line":191,"column":30},"end":{"line":191,"column":31}},"loc":{"start":{"line":191,"column":42},"end":{"line":214,"column":3}},"line":191},"17":{"name":"(anonymous_17)","decl":{"start":{"line":198,"column":25},"end":{"line":198,"column":26}},"loc":{"start":{"line":198,"column":38},"end":{"line":198,"column":94}},"line":198},"18":{"name":"(anonymous_18)","decl":{"start":{"line":198,"column":53},"end":{"line":198,"column":54}},"loc":{"start":{"line":198,"column":64},"end":{"line":198,"column":93}},"line":198},"19":{"name":"(anonymous_19)","decl":{"start":{"line":219,"column":60},"end":{"line":219,"column":61}},"loc":{"start":{"line":219,"column":66},"end":{"line":219,"column":88}},"line":219},"20":{"name":"(anonymous_20)","decl":{"start":{"line":240,"column":52},"end":{"line":240,"column":53}},"loc":{"start":{"line":241,"column":16},"end":{"line":250,"column":25}},"line":241},"21":{"name":"(anonymous_21)","decl":{"start":{"line":245,"column":27},"end":{"line":245,"column":28}},"loc":{"start":{"line":245,"column":33},"end":{"line":245,"column":118}},"line":245},"22":{"name":"(anonymous_22)","decl":{"start":{"line":257,"column":33},"end":{"line":257,"column":34}},"loc":{"start":{"line":257,"column":42},"end":{"line":357,"column":11}},"line":257},"23":{"name":"(anonymous_23)","decl":{"start":{"line":295,"column":31},"end":{"line":295,"column":32}},"loc":{"start":{"line":295,"column":37},"end":{"line":295,"column":65}},"line":295},"24":{"name":"(anonymous_24)","decl":{"start":{"line":341,"column":27},"end":{"line":341,"column":28}},"loc":{"start":{"line":341,"column":33},"end":{"line":350,"column":19}},"line":341},"25":{"name":"(anonymous_25)","decl":{"start":{"line":368,"column":18},"end":{"line":368,"column":19}},"loc":{"start":{"line":368,"column":24},"end":{"line":368,"column":68}},"line":368}},"branchMap":{"0":{"loc":{"start":{"line":28,"column":4},"end":{"line":28,"column":33}},"type":"if","locations":[{"start":{"line":28,"column":4},"end":{"line":28,"column":33}},{"start":{},"end":{}}],"line":28},"1":{"loc":{"start":{"line":29,"column":4},"end":{"line":31,"column":5}},"type":"if","locations":[{"start":{"line":29,"column":4},"end":{"line":31,"column":5}},{"start":{},"end":{}}],"line":29},"2":{"loc":{"start":{"line":30,"column":13},"end":{"line":30,"column":53}},"type":"binary-expr","locations":[{"start":{"line":30,"column":13},"end":{"line":30,"column":41}},{"start":{"line":30,"column":45},"end":{"line":30,"column":53}}],"line":30},"3":{"loc":{"start":{"line":33,"column":20},"end":{"line":33,"column":84}},"type":"binary-expr","locations":[{"start":{"line":33,"column":20},"end":{"line":33,"column":38}},{"start":{"line":33,"column":42},"end":{"line":33,"column":78}},{"start":{"line":33,"column":82},"end":{"line":33,"column":84}}],"line":33},"4":{"loc":{"start":{"line":34,"column":11},"end":{"line":34,"column":40}},"type":"binary-expr","locations":[{"start":{"line":34,"column":11},"end":{"line":34,"column":28}},{"start":{"line":34,"column":32},"end":{"line":34,"column":40}}],"line":34},"5":{"loc":{"start":{"line":38,"column":17},"end":{"line":38,"column":28}},"type":"binary-expr","locations":[{"start":{"line":38,"column":17},"end":{"line":38,"column":22}},{"start":{"line":38,"column":26},"end":{"line":38,"column":28}}],"line":38},"6":{"loc":{"start":{"line":39,"column":4},"end":{"line":41,"column":5}},"type":"if","locations":[{"start":{"line":39,"column":4},"end":{"line":41,"column":5}},{"start":{},"end":{}}],"line":39},"7":{"loc":{"start":{"line":48,"column":6},"end":{"line":51,"column":7}},"type":"if","locations":[{"start":{"line":48,"column":6},"end":{"line":51,"column":7}},{"start":{},"end":{}}],"line":48},"8":{"loc":{"start":{"line":53,"column":6},"end":{"line":56,"column":7}},"type":"if","locations":[{"start":{"line":53,"column":6},"end":{"line":56,"column":7}},{"start":{},"end":{}}],"line":53},"9":{"loc":{"start":{"line":58,"column":6},"end":{"line":61,"column":7}},"type":"if","locations":[{"start":{"line":58,"column":6},"end":{"line":61,"column":7}},{"start":{},"end":{}}],"line":58},"10":{"loc":{"start":{"line":63,"column":6},"end":{"line":65,"column":7}},"type":"if","locations":[{"start":{"line":63,"column":6},"end":{"line":65,"column":7}},{"start":{},"end":{}}],"line":63},"11":{"loc":{"start":{"line":68,"column":4},"end":{"line":70,"column":5}},"type":"if","locations":[{"start":{"line":68,"column":4},"end":{"line":70,"column":5}},{"start":{},"end":{}}],"line":68},"12":{"loc":{"start":{"line":68,"column":8},"end":{"line":68,"column":46}},"type":"binary-expr","locations":[{"start":{"line":68,"column":8},"end":{"line":68,"column":21}},{"start":{"line":68,"column":25},"end":{"line":68,"column":39}},{"start":{"line":68,"column":43},"end":{"line":68,"column":46}}],"line":68},"13":{"loc":{"start":{"line":83,"column":4},"end":{"line":83,"column":22}},"type":"if","locations":[{"start":{"line":83,"column":4},"end":{"line":83,"column":22}},{"start":{},"end":{}}],"line":83},"14":{"loc":{"start":{"line":84,"column":4},"end":{"line":86,"column":5}},"type":"if","locations":[{"start":{"line":84,"column":4},"end":{"line":86,"column":5}},{"start":{},"end":{}}],"line":84},"15":{"loc":{"start":{"line":88,"column":21},"end":{"line":88,"column":31}},"type":"binary-expr","locations":[{"start":{"line":88,"column":21},"end":{"line":88,"column":25}},{"start":{"line":88,"column":29},"end":{"line":88,"column":31}}],"line":88},"16":{"loc":{"start":{"line":93,"column":5},"end":{"line":93,"column":22}},"type":"binary-expr","locations":[{"start":{"line":93,"column":5},"end":{"line":93,"column":16}},{"start":{"line":93,"column":20},"end":{"line":93,"column":22}}],"line":93},"17":{"loc":{"start":{"line":96,"column":6},"end":{"line":102,"column":7}},"type":"if","locations":[{"start":{"line":96,"column":6},"end":{"line":102,"column":7}},{"start":{},"end":{}}],"line":96},"18":{"loc":{"start":{"line":96,"column":10},"end":{"line":96,"column":57}},"type":"binary-expr","locations":[{"start":{"line":96,"column":10},"end":{"line":96,"column":15}},{"start":{"line":96,"column":19},"end":{"line":96,"column":57}}],"line":96},"19":{"loc":{"start":{"line":99,"column":8},"end":{"line":101,"column":9}},"type":"if","locations":[{"start":{"line":99,"column":8},"end":{"line":101,"column":9}},{"start":{},"end":{}}],"line":99},"20":{"loc":{"start":{"line":99,"column":12},"end":{"line":99,"column":95}},"type":"binary-expr","locations":[{"start":{"line":99,"column":12},"end":{"line":99,"column":27}},{"start":{"line":99,"column":31},"end":{"line":99,"column":95}}],"line":99},"21":{"loc":{"start":{"line":104,"column":6},"end":{"line":104,"column":35}},"type":"if","locations":[{"start":{"line":104,"column":6},"end":{"line":104,"column":35}},{"start":{},"end":{}}],"line":104},"22":{"loc":{"start":{"line":108,"column":6},"end":{"line":110,"column":7}},"type":"if","locations":[{"start":{"line":108,"column":6},"end":{"line":110,"column":7}},{"start":{},"end":{}}],"line":108},"23":{"loc":{"start":{"line":108,"column":10},"end":{"line":108,"column":105}},"type":"binary-expr","locations":[{"start":{"line":108,"column":10},"end":{"line":108,"column":31}},{"start":{"line":108,"column":35},"end":{"line":108,"column":105}}],"line":108},"24":{"loc":{"start":{"line":112,"column":6},"end":{"line":112,"column":50}},"type":"if","locations":[{"start":{"line":112,"column":6},"end":{"line":112,"column":50}},{"start":{},"end":{}}],"line":112},"25":{"loc":{"start":{"line":116,"column":6},"end":{"line":118,"column":7}},"type":"if","locations":[{"start":{"line":116,"column":6},"end":{"line":118,"column":7}},{"start":{},"end":{}}],"line":116},"26":{"loc":{"start":{"line":116,"column":10},"end":{"line":116,"column":79}},"type":"binary-expr","locations":[{"start":{"line":116,"column":10},"end":{"line":116,"column":18}},{"start":{"line":116,"column":22},"end":{"line":116,"column":79}}],"line":116},"27":{"loc":{"start":{"line":131,"column":8},"end":{"line":133,"column":9}},"type":"if","locations":[{"start":{"line":131,"column":8},"end":{"line":133,"column":9}},{"start":{},"end":{}}],"line":131},"28":{"loc":{"start":{"line":132,"column":17},"end":{"line":132,"column":33}},"type":"cond-expr","locations":[{"start":{"line":132,"column":27},"end":{"line":132,"column":28}},{"start":{"line":132,"column":31},"end":{"line":132,"column":33}}],"line":132},"29":{"loc":{"start":{"line":134,"column":24},"end":{"line":134,"column":41}},"type":"binary-expr","locations":[{"start":{"line":134,"column":24},"end":{"line":134,"column":36}},{"start":{"line":134,"column":40},"end":{"line":134,"column":41}}],"line":134},"30":{"loc":{"start":{"line":134,"column":54},"end":{"line":134,"column":71}},"type":"binary-expr","locations":[{"start":{"line":134,"column":54},"end":{"line":134,"column":66}},{"start":{"line":134,"column":70},"end":{"line":134,"column":71}}],"line":134},"31":{"loc":{"start":{"line":162,"column":4},"end":{"line":162,"column":59}},"type":"if","locations":[{"start":{"line":162,"column":4},"end":{"line":162,"column":59}},{"start":{},"end":{}}],"line":162},"32":{"loc":{"start":{"line":162,"column":8},"end":{"line":162,"column":50}},"type":"binary-expr","locations":[{"start":{"line":162,"column":8},"end":{"line":162,"column":19}},{"start":{"line":162,"column":23},"end":{"line":162,"column":50}}],"line":162},"33":{"loc":{"start":{"line":165,"column":111},"end":{"line":165,"column":151}},"type":"cond-expr","locations":[{"start":{"line":165,"column":126},"end":{"line":165,"column":146}},{"start":{"line":165,"column":149},"end":{"line":165,"column":151}}],"line":165},"34":{"loc":{"start":{"line":165,"column":154},"end":{"line":165,"column":193}},"type":"cond-expr","locations":[{"start":{"line":165,"column":169},"end":{"line":165,"column":188}},{"start":{"line":165,"column":191},"end":{"line":165,"column":193}}],"line":165},"35":{"loc":{"start":{"line":171,"column":38},"end":{"line":171,"column":133}},"type":"cond-expr","locations":[{"start":{"line":171,"column":57},"end":{"line":171,"column":116}},{"start":{"line":171,"column":119},"end":{"line":171,"column":133}}],"line":171},"36":{"loc":{"start":{"line":174,"column":37},"end":{"line":176,"column":66}},"type":"binary-expr","locations":[{"start":{"line":174,"column":37},"end":{"line":174,"column":97}},{"start":{"line":175,"column":9},"end":{"line":175,"column":69}},{"start":{"line":176,"column":9},"end":{"line":176,"column":66}}],"line":174},"37":{"loc":{"start":{"line":178,"column":4},"end":{"line":180,"column":5}},"type":"if","locations":[{"start":{"line":178,"column":4},"end":{"line":180,"column":5}},{"start":{},"end":{}}],"line":178},"38":{"loc":{"start":{"line":182,"column":4},"end":{"line":186,"column":5}},"type":"if","locations":[{"start":{"line":182,"column":4},"end":{"line":186,"column":5}},{"start":{},"end":{}}],"line":182},"39":{"loc":{"start":{"line":188,"column":152},"end":{"line":188,"column":166}},"type":"binary-expr","locations":[{"start":{"line":188,"column":152},"end":{"line":188,"column":160}},{"start":{"line":188,"column":164},"end":{"line":188,"column":166}}],"line":188},"40":{"loc":{"start":{"line":192,"column":4},"end":{"line":192,"column":132}},"type":"if","locations":[{"start":{"line":192,"column":4},"end":{"line":192,"column":132}},{"start":{},"end":{}}],"line":192},"41":{"loc":{"start":{"line":192,"column":8},"end":{"line":192,"column":123}},"type":"binary-expr","locations":[{"start":{"line":192,"column":8},"end":{"line":192,"column":33}},{"start":{"line":192,"column":37},"end":{"line":192,"column":81}},{"start":{"line":192,"column":85},"end":{"line":192,"column":123}}],"line":192},"42":{"loc":{"start":{"line":206,"column":4},"end":{"line":210,"column":5}},"type":"if","locations":[{"start":{"line":206,"column":4},"end":{"line":210,"column":5}},{"start":{},"end":{}}],"line":206},"43":{"loc":{"start":{"line":237,"column":9},"end":{"line":254,"column":9}},"type":"binary-expr","locations":[{"start":{"line":237,"column":9},"end":{"line":237,"column":40}},{"start":{"line":238,"column":10},"end":{"line":253,"column":16}}],"line":237},"44":{"loc":{"start":{"line":262,"column":38},"end":{"line":262,"column":126}},"type":"binary-expr","locations":[{"start":{"line":262,"column":38},"end":{"line":262,"column":72}},{"start":{"line":262,"column":76},"end":{"line":262,"column":91}},{"start":{"line":262,"column":95},"end":{"line":262,"column":120}},{"start":{"line":262,"column":124},"end":{"line":262,"column":126}}],"line":262},"45":{"loc":{"start":{"line":264,"column":43},"end":{"line":264,"column":99}},"type":"binary-expr","locations":[{"start":{"line":264,"column":43},"end":{"line":264,"column":56}},{"start":{"line":264,"column":60},"end":{"line":264,"column":99}}],"line":264},"46":{"loc":{"start":{"line":267,"column":33},"end":{"line":267,"column":97}},"type":"cond-expr","locations":[{"start":{"line":267,"column":50},"end":{"line":267,"column":92}},{"start":{"line":267,"column":95},"end":{"line":267,"column":97}}],"line":267},"47":{"loc":{"start":{"line":268,"column":44},"end":{"line":268,"column":91}},"type":"binary-expr","locations":[{"start":{"line":268,"column":44},"end":{"line":268,"column":57}},{"start":{"line":268,"column":61},"end":{"line":268,"column":75}},{"start":{"line":268,"column":79},"end":{"line":268,"column":91}}],"line":268},"48":{"loc":{"start":{"line":269,"column":28},"end":{"line":269,"column":67}},"type":"binary-expr","locations":[{"start":{"line":269,"column":28},"end":{"line":269,"column":34}},{"start":{"line":269,"column":39},"end":{"line":269,"column":48}},{"start":{"line":269,"column":52},"end":{"line":269,"column":66}}],"line":269},"49":{"loc":{"start":{"line":270,"column":32},"end":{"line":278,"column":31}},"type":"cond-expr","locations":[{"start":{"line":271,"column":16},"end":{"line":273,"column":31}},{"start":{"line":274,"column":16},"end":{"line":278,"column":31}}],"line":270},"50":{"loc":{"start":{"line":271,"column":16},"end":{"line":273,"column":31}},"type":"cond-expr","locations":[{"start":{"line":272,"column":18},"end":{"line":272,"column":34}},{"start":{"line":273,"column":18},"end":{"line":273,"column":31}}],"line":271},"51":{"loc":{"start":{"line":274,"column":16},"end":{"line":278,"column":31}},"type":"cond-expr","locations":[{"start":{"line":275,"column":18},"end":{"line":277,"column":33}},{"start":{"line":278,"column":18},"end":{"line":278,"column":31}}],"line":274},"52":{"loc":{"start":{"line":275,"column":18},"end":{"line":277,"column":33}},"type":"cond-expr","locations":[{"start":{"line":276,"column":20},"end":{"line":276,"column":36}},{"start":{"line":277,"column":20},"end":{"line":277,"column":33}}],"line":275},"53":{"loc":{"start":{"line":285,"column":23},"end":{"line":285,"column":321}},"type":"cond-expr","locations":[{"start":{"line":285,"column":43},"end":{"line":285,"column":174}},{"start":{"line":285,"column":177},"end":{"line":285,"column":321}}],"line":285},"54":{"loc":{"start":{"line":289,"column":154},"end":{"line":289,"column":251}},"type":"cond-expr","locations":[{"start":{"line":289,"column":189},"end":{"line":289,"column":202}},{"start":{"line":289,"column":205},"end":{"line":289,"column":251}}],"line":289},"55":{"loc":{"start":{"line":289,"column":154},"end":{"line":289,"column":186}},"type":"binary-expr","locations":[{"start":{"line":289,"column":154},"end":{"line":289,"column":167}},{"start":{"line":289,"column":171},"end":{"line":289,"column":186}}],"line":289},"56":{"loc":{"start":{"line":289,"column":205},"end":{"line":289,"column":251}},"type":"cond-expr","locations":[{"start":{"line":289,"column":221},"end":{"line":289,"column":234}},{"start":{"line":289,"column":237},"end":{"line":289,"column":251}}],"line":289},"57":{"loc":{"start":{"line":292,"column":19},"end":{"line":313,"column":19}},"type":"binary-expr","locations":[{"start":{"line":292,"column":19},"end":{"line":292,"column":24}},{"start":{"line":293,"column":20},"end":{"line":312,"column":29}}],"line":292},"58":{"loc":{"start":{"line":300,"column":36},"end":{"line":300,"column":70}},"type":"cond-expr","locations":[{"start":{"line":300,"column":49},"end":{"line":300,"column":58}},{"start":{"line":300,"column":61},"end":{"line":300,"column":70}}],"line":300},"59":{"loc":{"start":{"line":301,"column":31},"end":{"line":301,"column":65}},"type":"cond-expr","locations":[{"start":{"line":301,"column":44},"end":{"line":301,"column":53}},{"start":{"line":301,"column":56},"end":{"line":301,"column":65}}],"line":301},"60":{"loc":{"start":{"line":305,"column":32},"end":{"line":305,"column":66}},"type":"cond-expr","locations":[{"start":{"line":305,"column":45},"end":{"line":305,"column":54}},{"start":{"line":305,"column":57},"end":{"line":305,"column":66}}],"line":305},"61":{"loc":{"start":{"line":319,"column":19},"end":{"line":323,"column":17}},"type":"binary-expr","locations":[{"start":{"line":319,"column":19},"end":{"line":319,"column":33}},{"start":{"line":320,"column":18},"end":{"line":322,"column":25}}],"line":319},"62":{"loc":{"start":{"line":326,"column":17},"end":{"line":331,"column":17}},"type":"binary-expr","locations":[{"start":{"line":326,"column":17},"end":{"line":326,"column":29}},{"start":{"line":327,"column":18},"end":{"line":330,"column":24}}],"line":326},"63":{"loc":{"start":{"line":335,"column":125},"end":{"line":335,"column":166}},"type":"binary-expr","locations":[{"start":{"line":335,"column":125},"end":{"line":335,"column":138}},{"start":{"line":335,"column":142},"end":{"line":335,"column":166}}],"line":335},"64":{"loc":{"start":{"line":340,"column":28},"end":{"line":340,"column":63}},"type":"cond-expr","locations":[{"start":{"line":340,"column":36},"end":{"line":340,"column":52}},{"start":{"line":340,"column":55},"end":{"line":340,"column":63}}],"line":340},"65":{"loc":{"start":{"line":342,"column":20},"end":{"line":345,"column":21}},"type":"if","locations":[{"start":{"line":342,"column":20},"end":{"line":345,"column":21}},{"start":{},"end":{}}],"line":342},"66":{"loc":{"start":{"line":342,"column":24},"end":{"line":342,"column":48}},"type":"binary-expr","locations":[{"start":{"line":342,"column":24},"end":{"line":342,"column":29}},{"start":{"line":342,"column":33},"end":{"line":342,"column":48}}],"line":342},"67":{"loc":{"start":{"line":343,"column":170},"end":{"line":343,"column":184}},"type":"binary-expr","locations":[{"start":{"line":343,"column":170},"end":{"line":343,"column":178}},{"start":{"line":343,"column":182},"end":{"line":343,"column":184}}],"line":343},"68":{"loc":{"start":{"line":347,"column":20},"end":{"line":349,"column":21}},"type":"if","locations":[{"start":{"line":347,"column":20},"end":{"line":349,"column":21}},{"start":{},"end":{}}],"line":347},"69":{"loc":{"start":{"line":347,"column":24},"end":{"line":347,"column":41}},"type":"binary-expr","locations":[{"start":{"line":347,"column":24},"end":{"line":347,"column":30}},{"start":{"line":347,"column":34},"end":{"line":347,"column":41}}],"line":347},"70":{"loc":{"start":{"line":351,"column":109},"end":{"line":351,"column":192}},"type":"cond-expr","locations":[{"start":{"line":351,"column":165},"end":{"line":351,"column":174}},{"start":{"line":351,"column":177},"end":{"line":351,"column":192}}],"line":351},"71":{"loc":{"start":{"line":351,"column":110},"end":{"line":351,"column":161}},"type":"binary-expr","locations":[{"start":{"line":351,"column":111},"end":{"line":351,"column":116}},{"start":{"line":351,"column":120},"end":{"line":351,"column":136}},{"start":{"line":351,"column":142},"end":{"line":351,"column":148}},{"start":{"line":351,"column":152},"end":{"line":351,"column":160}}],"line":351},"72":{"loc":{"start":{"line":351,"column":201},"end":{"line":351,"column":276}},"type":"cond-expr","locations":[{"start":{"line":351,"column":257},"end":{"line":351,"column":266}},{"start":{"line":351,"column":269},"end":{"line":351,"column":276}}],"line":351},"73":{"loc":{"start":{"line":351,"column":202},"end":{"line":351,"column":253}},"type":"binary-expr","locations":[{"start":{"line":351,"column":203},"end":{"line":351,"column":208}},{"start":{"line":351,"column":212},"end":{"line":351,"column":228}},{"start":{"line":351,"column":234},"end":{"line":351,"column":240}},{"start":{"line":351,"column":244},"end":{"line":351,"column":252}}],"line":351},"74":{"loc":{"start":{"line":351,"column":305},"end":{"line":351,"column":382}},"type":"cond-expr","locations":[{"start":{"line":351,"column":361},"end":{"line":351,"column":370}},{"start":{"line":351,"column":373},"end":{"line":351,"column":382}}],"line":351},"75":{"loc":{"start":{"line":351,"column":306},"end":{"line":351,"column":357}},"type":"binary-expr","locations":[{"start":{"line":351,"column":307},"end":{"line":351,"column":312}},{"start":{"line":351,"column":316},"end":{"line":351,"column":332}},{"start":{"line":351,"column":338},"end":{"line":351,"column":344}},{"start":{"line":351,"column":348},"end":{"line":351,"column":356}}],"line":351},"76":{"loc":{"start":{"line":351,"column":472},"end":{"line":351,"column":570}},"type":"cond-expr","locations":[{"start":{"line":351,"column":528},"end":{"line":351,"column":534}},{"start":{"line":351,"column":537},"end":{"line":351,"column":570}}],"line":351},"77":{"loc":{"start":{"line":351,"column":473},"end":{"line":351,"column":524}},"type":"binary-expr","locations":[{"start":{"line":351,"column":474},"end":{"line":351,"column":479}},{"start":{"line":351,"column":483},"end":{"line":351,"column":499}},{"start":{"line":351,"column":505},"end":{"line":351,"column":511}},{"start":{"line":351,"column":515},"end":{"line":351,"column":523}}],"line":351},"78":{"loc":{"start":{"line":364,"column":17},"end":{"line":364,"column":121}},"type":"cond-expr","locations":[{"start":{"line":364,"column":40},"end":{"line":364,"column":116}},{"start":{"line":364,"column":119},"end":{"line":364,"column":121}}],"line":364},"79":{"loc":{"start":{"line":368,"column":24},"end":{"line":368,"column":68}},"type":"binary-expr","locations":[{"start":{"line":368,"column":24},"end":{"line":368,"column":35}},{"start":{"line":368,"column":39},"end":{"line":368,"column":68}}],"line":368},"80":{"loc":{"start":{"line":371,"column":22},"end":{"line":371,"column":84}},"type":"binary-expr","locations":[{"start":{"line":371,"column":22},"end":{"line":371,"column":42}},{"start":{"line":371,"column":46},"end":{"line":371,"column":84}}],"line":371}},"s":{"0":1,"1":0,"2":0,"3":0,"4":0,"5":0,"6":0,"7":0,"8":0,"9":0,"10":0,"11":0,"12":0,"13":0,"14":0,"15":0,"16":0,"17":0,"18":0,"19":0,"20":0,"21":0,"22":0,"23":0,"24":0,"25":0,"26":0,"27":0,"28":0,"29":0,"30":0,"31":0,"32":0,"33":0,"34":0,"35":0,"36":0,"37":0,"38":0,"39":0,"40":0,"41":0,"42":0,"43":0,"44":0,"45":0,"46":0,"47":0,"48":0,"49":0,"50":0,"51":0,"52":0,"53":0,"54":0,"55":0,"56":0,"57":0,"58":0,"59":0,"60":0,"61":0,"62":0,"63":0,"64":0,"65":0,"66":0,"67":0,"68":0,"69":0,"70":0,"71":0,"72":0,"73":0,"74":0,"75":0,"76":0,"77":0,"78":0,"79":0,"80":0,"81":0,"82":0,"83":0,"84":0,"85":0,"86":0,"87":0,"88":0,"89":0,"90":0,"91":0,"92":0,"93":0,"94":0,"95":0,"96":0,"97":0,"98":0,"99":0,"100":0,"101":0,"102":0,"103":0,"104":0,"105":0,"106":0,"107":0,"108":0,"109":0,"110":0,"111":0,"112":0,"113":0,"114":0,"115":0,"116":0,"117":0,"118":0,"119":0,"120":0,"121":0,"122":0,"123":0,"124":0,"125":0,"126":0,"127":0,"128":0,"129":0,"130":0,"131":0,"132":0,"133":0,"134":0,"135":0,"136":0,"137":0,"138":0,"139":0,"140":0,"141":0,"142":0,"143":0,"144":0,"145":0,"146":0,"147":0,"148":0,"149":0},"f":{"0":0,"1":0,"2":0,"3":0,"4":0,"5":0,"6":0,"7":0,"8":0,"9":0,"10":0,"11":0,"12":0,"13":0,"14":0,"15":0,"16":0,"17":0,"18":0,"19":0,"20":0,"21":0,"22":0,"23":0,"24":0,"25":0},"b":{"0":[0,0],"1":[0,0],"2":[0,0],"3":[0,0,0],"4":[0,0],"5":[0,0],"6":[0,0],"7":[0,0],"8":[0,0],"9":[0,0],"10":[0,0],"11":[0,0],"12":[0,0,0],"13":[0,0],"14":[0,0],"15":[0,0],"16":[0,0],"17":[0,0],"18":[0,0],"19":[0,0],"20":[0,0],"21":[0,0],"22":[0,0],"23":[0,0],"24":[0,0],"25":[0,0],"26":[0,0],"27":[0,0],"28":[0,0],"29":[0,0],"30":[0,0],"31":[0,0],"32":[0,0],"33":[0,0],"34":[0,0],"35":[0,0],"36":[0,0,0],"37":[0,0],"38":[0,0],"39":[0,0],"40":[0,0],"41":[0,0,0],"42":[0,0],"43":[0,0],"44":[0,0,0,0],"45":[0,0],"46":[0,0],"47":[0,0,0],"48":[0,0,0],"49":[0,0],"50":[0,0],"51":[0,0],"52":[0,0],"53":[0,0],"54":[0,0],"55":[0,0],"56":[0,0],"57":[0,0],"58":[0,0],"59":[0,0],"60":[0,0],"61":[0,0],"62":[0,0],"63":[0,0],"64":[0,0],"65":[0,0],"66":[0,0],"67":[0,0],"68":[0,0],"69":[0,0],"70":[0,0],"71":[0,0,0,0],"72":[0,0],"73":[0,0,0,0],"74":[0,0],"75":[0,0,0,0],"76":[0,0],"77":[0,0,0,0],"78":[0,0],"79":[0,0],"80":[0,0]},"_coverageSchema":"1a1c01bbd47fc00a2c39e90264f33305004495a9","hash":"180dd4d63044a64d9f35fc4a7ccd3fd9af47b70a"}
,"C:\\Users\\junre\\Downloads\\kin (1)\\web\\src\\features\\borrowing\\ItemDetail.js": {"path":"C:\\Users\\junre\\Downloads\\kin (1)\\web\\src\\features\\borrowing\\ItemDetail.js","statementMap":{"0":{"start":{"line":6,"column":19},"end":{"line":55,"column":1}},"1":{"start":{"line":7,"column":17},"end":{"line":7,"column":28}},"2":{"start":{"line":8,"column":19},"end":{"line":8,"column":32}},"3":{"start":{"line":10,"column":17},"end":{"line":15,"column":3}},"4":{"start":{"line":17,"column":2},"end":{"line":54,"column":4}},"5":{"start":{"line":20,"column":31},"end":{"line":20,"column":50}},"6":{"start":{"line":46,"column":27},"end":{"line":46,"column":65}}},"fnMap":{"0":{"name":"(anonymous_0)","decl":{"start":{"line":6,"column":19},"end":{"line":6,"column":20}},"loc":{"start":{"line":6,"column":25},"end":{"line":55,"column":1}},"line":6},"1":{"name":"(anonymous_1)","decl":{"start":{"line":20,"column":25},"end":{"line":20,"column":26}},"loc":{"start":{"line":20,"column":31},"end":{"line":20,"column":50}},"line":20},"2":{"name":"(anonymous_2)","decl":{"start":{"line":46,"column":21},"end":{"line":46,"column":22}},"loc":{"start":{"line":46,"column":27},"end":{"line":46,"column":65}},"line":46}},"branchMap":{},"s":{"0":0,"1":0,"2":0,"3":0,"4":0,"5":0,"6":0},"f":{"0":0,"1":0,"2":0},"b":{}}
,"C:\\Users\\junre\\Downloads\\kin (1)\\web\\src\\features\\borrowing\\RequestItem.js": {"path":"C:\\Users\\junre\\Downloads\\kin (1)\\web\\src\\features\\borrowing\\RequestItem.js","statementMap":{"0":{"start":{"line":8,"column":20},"end":{"line":94,"column":1}},"1":{"start":{"line":9,"column":19},"end":{"line":9,"column":32}},"2":{"start":{"line":10,"column":34},"end":{"line":14,"column":4}},"3":{"start":{"line":15,"column":35},"end":{"line":15,"column":53}},"4":{"start":{"line":17,"column":17},"end":{"line":22,"column":3}},"5":{"start":{"line":24,"column":23},"end":{"line":52,"column":3}},"6":{"start":{"line":25,"column":4},"end":{"line":25,"column":23}},"7":{"start":{"line":27,"column":20},"end":{"line":32,"column":5}},"8":{"start":{"line":33,"column":31},"end":{"line":33,"column":93}},"9":{"start":{"line":35,"column":20},"end":{"line":35,"column":75}},"10":{"start":{"line":36,"column":37},"end":{"line":38,"column":59}},"11":{"start":{"line":40,"column":4},"end":{"line":42,"column":5}},"12":{"start":{"line":41,"column":6},"end":{"line":41,"column":65}},"13":{"start":{"line":44,"column":4},"end":{"line":48,"column":5}},"14":{"start":{"line":45,"column":6},"end":{"line":45,"column":53}},"15":{"start":{"line":46,"column":6},"end":{"line":46,"column":54}},"16":{"start":{"line":47,"column":6},"end":{"line":47,"column":13}},"17":{"start":{"line":50,"column":4},"end":{"line":50,"column":42}},"18":{"start":{"line":51,"column":4},"end":{"line":51,"column":24}},"19":{"start":{"line":54,"column":2},"end":{"line":93,"column":4}},"20":{"start":{"line":58,"column":31},"end":{"line":58,"column":53}},"21":{"start":{"line":74,"column":29},"end":{"line":74,"column":77}},"22":{"start":{"line":80,"column":29},"end":{"line":80,"column":81}},"23":{"start":{"line":85,"column":29},"end":{"line":85,"column":82}}},"fnMap":{"0":{"name":"(anonymous_0)","decl":{"start":{"line":8,"column":20},"end":{"line":8,"column":21}},"loc":{"start":{"line":8,"column":26},"end":{"line":94,"column":1}},"line":8},"1":{"name":"(anonymous_1)","decl":{"start":{"line":24,"column":23},"end":{"line":24,"column":24}},"loc":{"start":{"line":24,"column":36},"end":{"line":52,"column":3}},"line":24},"2":{"name":"(anonymous_2)","decl":{"start":{"line":58,"column":25},"end":{"line":58,"column":26}},"loc":{"start":{"line":58,"column":31},"end":{"line":58,"column":53}},"line":58},"3":{"name":"(anonymous_3)","decl":{"start":{"line":74,"column":22},"end":{"line":74,"column":23}},"loc":{"start":{"line":74,"column":29},"end":{"line":74,"column":77}},"line":74},"4":{"name":"(anonymous_4)","decl":{"start":{"line":80,"column":22},"end":{"line":80,"column":23}},"loc":{"start":{"line":80,"column":29},"end":{"line":80,"column":81}},"line":80},"5":{"name":"(anonymous_5)","decl":{"start":{"line":85,"column":22},"end":{"line":85,"column":23}},"loc":{"start":{"line":85,"column":29},"end":{"line":85,"column":82}},"line":85}},"branchMap":{"0":{"loc":{"start":{"line":28,"column":16},"end":{"line":28,"column":35}},"type":"binary-expr","locations":[{"start":{"line":28,"column":16},"end":{"line":28,"column":24}},{"start":{"line":28,"column":28},"end":{"line":28,"column":35}}],"line":28},"1":{"loc":{"start":{"line":33,"column":31},"end":{"line":33,"column":93}},"type":"cond-expr","locations":[{"start":{"line":33,"column":44},"end":{"line":33,"column":83}},{"start":{"line":33,"column":86},"end":{"line":33,"column":93}}],"line":33},"2":{"loc":{"start":{"line":36,"column":37},"end":{"line":38,"column":59}},"type":"binary-expr","locations":[{"start":{"line":36,"column":37},"end":{"line":36,"column":90}},{"start":{"line":37,"column":9},"end":{"line":37,"column":62}},{"start":{"line":38,"column":9},"end":{"line":38,"column":59}}],"line":36},"3":{"loc":{"start":{"line":40,"column":4},"end":{"line":42,"column":5}},"type":"if","locations":[{"start":{"line":40,"column":4},"end":{"line":42,"column":5}},{"start":{},"end":{}}],"line":40},"4":{"loc":{"start":{"line":44,"column":4},"end":{"line":48,"column":5}},"type":"if","locations":[{"start":{"line":44,"column":4},"end":{"line":48,"column":5}},{"start":{},"end":{}}],"line":44}},"s":{"0":1,"1":0,"2":0,"3":0,"4":0,"5":0,"6":0,"7":0,"8":0,"9":0,"10":0,"11":0,"12":0,"13":0,"14":0,"15":0,"16":0,"17":0,"18":0,"19":0,"20":0,"21":0,"22":0,"23":0},"f":{"0":0,"1":0,"2":0,"3":0,"4":0,"5":0},"b":{"0":[0,0],"1":[0,0],"2":[0,0,0],"3":[0,0],"4":[0,0]},"_coverageSchema":"1a1c01bbd47fc00a2c39e90264f33305004495a9","hash":"9db08d9bc05e92c883e3d0ff3d7523cd4011692e"}
,"C:\\Users\\junre\\Downloads\\kin (1)\\web\\src\\features\\dashboard\\AdminPanel.js": {"path":"C:\\Users\\junre\\Downloads\\kin (1)\\web\\src\\features\\dashboard\\AdminPanel.js","statementMap":{"0":{"start":{"line":6,"column":19},"end":{"line":85,"column":1}},"1":{"start":{"line":7,"column":50},"end":{"line":7,"column":68}},"2":{"start":{"line":8,"column":20},"end":{"line":8,"column":70}},"3":{"start":{"line":10,"column":16},"end":{"line":23,"column":3}},"4":{"start":{"line":25,"column":20},"end":{"line":31,"column":3}},"5":{"start":{"line":33,"column":2},"end":{"line":84,"column":4}},"6":{"start":{"line":64,"column":12},"end":{"line":67,"column":18}}},"fnMap":{"0":{"name":"(anonymous_0)","decl":{"start":{"line":6,"column":19},"end":{"line":6,"column":20}},"loc":{"start":{"line":6,"column":25},"end":{"line":85,"column":1}},"line":6},"1":{"name":"(anonymous_1)","decl":{"start":{"line":63,"column":21},"end":{"line":63,"column":22}},"loc":{"start":{"line":64,"column":12},"end":{"line":67,"column":18}},"line":64}},"branchMap":{"0":{"loc":{"start":{"line":8,"column":20},"end":{"line":8,"column":70}},"type":"binary-expr","locations":[{"start":{"line":8,"column":20},"end":{"line":8,"column":32}},{"start":{"line":8,"column":36},"end":{"line":8,"column":47}},{"start":{"line":8,"column":51},"end":{"line":8,"column":59}},{"start":{"line":8,"column":63},"end":{"line":8,"column":70}}],"line":8}},"s":{"0":1,"1":0,"2":0,"3":0,"4":0,"5":0,"6":0},"f":{"0":0,"1":0},"b":{"0":[0,0,0,0]},"_coverageSchema":"1a1c01bbd47fc00a2c39e90264f33305004495a9","hash":"53b4be6e46ce6db98f9da291dd977906c6bab88e"}
,"C:\\Users\\junre\\Downloads\\kin (1)\\web\\src\\features\\dashboard\\Dashboard.js": {"path":"C:\\Users\\junre\\Downloads\\kin (1)\\web\\src\\features\\dashboard\\Dashboard.js","statementMap":{"0":{"start":{"line":13,"column":18},"end":{"line":219,"column":1}},"1":{"start":{"line":14,"column":19},"end":{"line":14,"column":32}},"2":{"start":{"line":15,"column":19},"end":{"line":15,"column":32}},"3":{"start":{"line":16,"column":36},"end":{"line":16,"column":56}},"4":{"start":{"line":17,"column":46},"end":{"line":17,"column":74}},"5":{"start":{"line":18,"column":52},"end":{"line":18,"column":67}},"6":{"start":{"line":19,"column":48},"end":{"line":19,"column":88}},"7":{"start":{"line":19,"column":63},"end":{"line":19,"column":87}},"8":{"start":{"line":20,"column":48},"end":{"line":20,"column":96}},"9":{"start":{"line":22,"column":72},"end":{"line":22,"column":86}},"10":{"start":{"line":24,"column":2},"end":{"line":32,"column":9}},"11":{"start":{"line":25,"column":24},"end":{"line":25,"column":67}},"12":{"start":{"line":25,"column":30},"end":{"line":25,"column":67}},"13":{"start":{"line":26,"column":4},"end":{"line":26,"column":52}},"14":{"start":{"line":27,"column":4},"end":{"line":27,"column":64}},"15":{"start":{"line":28,"column":4},"end":{"line":31,"column":6}},"16":{"start":{"line":29,"column":6},"end":{"line":29,"column":57}},"17":{"start":{"line":30,"column":6},"end":{"line":30,"column":69}},"18":{"start":{"line":34,"column":2},"end":{"line":38,"column":9}},"19":{"start":{"line":35,"column":25},"end":{"line":35,"column":75}},"20":{"start":{"line":35,"column":31},"end":{"line":35,"column":75}},"21":{"start":{"line":36,"column":4},"end":{"line":36,"column":52}},"22":{"start":{"line":37,"column":4},"end":{"line":37,"column":68}},"23":{"start":{"line":37,"column":17},"end":{"line":37,"column":67}},"24":{"start":{"line":40,"column":2},"end":{"line":44,"column":24}},"25":{"start":{"line":41,"column":19},"end":{"line":41,"column":55}},"26":{"start":{"line":42,"column":25},"end":{"line":42,"column":42}},"27":{"start":{"line":43,"column":4},"end":{"line":43,"column":49}},"28":{"start":{"line":43,"column":22},"end":{"line":43,"column":49}},"29":{"start":{"line":46,"column":2},"end":{"line":86,"column":27}},"30":{"start":{"line":47,"column":4},"end":{"line":47,"column":60}},"31":{"start":{"line":47,"column":43},"end":{"line":47,"column":60}},"32":{"start":{"line":49,"column":23},"end":{"line":76,"column":5}},"33":{"start":{"line":50,"column":97},"end":{"line":60,"column":8}},"34":{"start":{"line":62,"column":6},"end":{"line":71,"column":7}},"35":{"start":{"line":63,"column":31},"end":{"line":63,"column":40}},"36":{"start":{"line":64,"column":8},"end":{"line":69,"column":11}},"37":{"start":{"line":65,"column":10},"end":{"line":65,"column":45}},"38":{"start":{"line":65,"column":38},"end":{"line":65,"column":45}},"39":{"start":{"line":66,"column":10},"end":{"line":68,"column":11}},"40":{"start":{"line":67,"column":12},"end":{"line":67,"column":61}},"41":{"start":{"line":70,"column":8},"end":{"line":70,"column":95}},"42":{"start":{"line":70,"column":41},"end":{"line":70,"column":92}},"43":{"start":{"line":73,"column":6},"end":{"line":75,"column":7}},"44":{"start":{"line":74,"column":8},"end":{"line":74,"column":97}},"45":{"start":{"line":74,"column":41},"end":{"line":74,"column":94}},"46":{"start":{"line":78,"column":4},"end":{"line":78,"column":17}},"47":{"start":{"line":79,"column":23},"end":{"line":79,"column":173}},"48":{"start":{"line":80,"column":20},"end":{"line":80,"column":162}},"49":{"start":{"line":82,"column":4},"end":{"line":85,"column":6}},"50":{"start":{"line":83,"column":6},"end":{"line":83,"column":41}},"51":{"start":{"line":84,"column":6},"end":{"line":84,"column":38}},"52":{"start":{"line":88,"column":23},"end":{"line":92,"column":3}},"53":{"start":{"line":89,"column":4},"end":{"line":89,"column":25}},"54":{"start":{"line":90,"column":4},"end":{"line":90,"column":19}},"55":{"start":{"line":91,"column":4},"end":{"line":91,"column":23}},"56":{"start":{"line":94,"column":21},"end":{"line":106,"column":3}},"57":{"start":{"line":108,"column":23},"end":{"line":123,"column":4}},"58":{"start":{"line":108,"column":33},"end":{"line":123,"column":3}},"59":{"start":{"line":125,"column":2},"end":{"line":218,"column":4}},"60":{"start":{"line":131,"column":176},"end":{"line":131,"column":200}},"61":{"start":{"line":148,"column":33},"end":{"line":148,"column":57}},"62":{"start":{"line":152,"column":33},"end":{"line":152,"column":57}},"63":{"start":{"line":157,"column":33},"end":{"line":157,"column":57}},"64":{"start":{"line":163,"column":35},"end":{"line":163,"column":61}},"65":{"start":{"line":170,"column":61},"end":{"line":170,"column":85}},"66":{"start":{"line":213,"column":24},"end":{"line":213,"column":51}}},"fnMap":{"0":{"name":"(anonymous_0)","decl":{"start":{"line":13,"column":18},"end":{"line":13,"column":19}},"loc":{"start":{"line":13,"column":35},"end":{"line":219,"column":1}},"line":13},"1":{"name":"(anonymous_1)","decl":{"start":{"line":19,"column":57},"end":{"line":19,"column":58}},"loc":{"start":{"line":19,"column":63},"end":{"line":19,"column":87}},"line":19},"2":{"name":"(anonymous_2)","decl":{"start":{"line":24,"column":12},"end":{"line":24,"column":13}},"loc":{"start":{"line":24,"column":18},"end":{"line":32,"column":3}},"line":24},"3":{"name":"(anonymous_3)","decl":{"start":{"line":25,"column":24},"end":{"line":25,"column":25}},"loc":{"start":{"line":25,"column":30},"end":{"line":25,"column":67}},"line":25},"4":{"name":"(anonymous_4)","decl":{"start":{"line":28,"column":11},"end":{"line":28,"column":12}},"loc":{"start":{"line":28,"column":17},"end":{"line":31,"column":5}},"line":28},"5":{"name":"(anonymous_5)","decl":{"start":{"line":34,"column":12},"end":{"line":34,"column":13}},"loc":{"start":{"line":34,"column":18},"end":{"line":38,"column":3}},"line":34},"6":{"name":"(anonymous_6)","decl":{"start":{"line":35,"column":25},"end":{"line":35,"column":26}},"loc":{"start":{"line":35,"column":31},"end":{"line":35,"column":75}},"line":35},"7":{"name":"(anonymous_7)","decl":{"start":{"line":37,"column":11},"end":{"line":37,"column":12}},"loc":{"start":{"line":37,"column":17},"end":{"line":37,"column":67}},"line":37},"8":{"name":"(anonymous_8)","decl":{"start":{"line":40,"column":12},"end":{"line":40,"column":13}},"loc":{"start":{"line":40,"column":18},"end":{"line":44,"column":3}},"line":40},"9":{"name":"(anonymous_9)","decl":{"start":{"line":46,"column":12},"end":{"line":46,"column":13}},"loc":{"start":{"line":46,"column":18},"end":{"line":86,"column":3}},"line":46},"10":{"name":"(anonymous_10)","decl":{"start":{"line":49,"column":23},"end":{"line":49,"column":24}},"loc":{"start":{"line":49,"column":35},"end":{"line":76,"column":5}},"line":49},"11":{"name":"(anonymous_11)","decl":{"start":{"line":64,"column":36},"end":{"line":64,"column":37}},"loc":{"start":{"line":64,"column":47},"end":{"line":69,"column":9}},"line":64},"12":{"name":"(anonymous_12)","decl":{"start":{"line":70,"column":27},"end":{"line":70,"column":28}},"loc":{"start":{"line":70,"column":41},"end":{"line":70,"column":92}},"line":70},"13":{"name":"(anonymous_13)","decl":{"start":{"line":74,"column":27},"end":{"line":74,"column":28}},"loc":{"start":{"line":74,"column":41},"end":{"line":74,"column":94}},"line":74},"14":{"name":"(anonymous_14)","decl":{"start":{"line":82,"column":11},"end":{"line":82,"column":12}},"loc":{"start":{"line":82,"column":17},"end":{"line":85,"column":5}},"line":82},"15":{"name":"(anonymous_15)","decl":{"start":{"line":88,"column":23},"end":{"line":88,"column":24}},"loc":{"start":{"line":88,"column":29},"end":{"line":92,"column":3}},"line":88},"16":{"name":"(anonymous_16)","decl":{"start":{"line":108,"column":23},"end":{"line":108,"column":24}},"loc":{"start":{"line":108,"column":33},"end":{"line":123,"column":3}},"line":108},"17":{"name":"(anonymous_17)","decl":{"start":{"line":131,"column":170},"end":{"line":131,"column":171}},"loc":{"start":{"line":131,"column":176},"end":{"line":131,"column":200}},"line":131},"18":{"name":"(anonymous_18)","decl":{"start":{"line":148,"column":27},"end":{"line":148,"column":28}},"loc":{"start":{"line":148,"column":33},"end":{"line":148,"column":57}},"line":148},"19":{"name":"(anonymous_19)","decl":{"start":{"line":152,"column":27},"end":{"line":152,"column":28}},"loc":{"start":{"line":152,"column":33},"end":{"line":152,"column":57}},"line":152},"20":{"name":"(anonymous_20)","decl":{"start":{"line":157,"column":27},"end":{"line":157,"column":28}},"loc":{"start":{"line":157,"column":33},"end":{"line":157,"column":57}},"line":157},"21":{"name":"(anonymous_21)","decl":{"start":{"line":163,"column":29},"end":{"line":163,"column":30}},"loc":{"start":{"line":163,"column":35},"end":{"line":163,"column":61}},"line":163},"22":{"name":"(anonymous_22)","decl":{"start":{"line":170,"column":55},"end":{"line":170,"column":56}},"loc":{"start":{"line":170,"column":61},"end":{"line":170,"column":85}},"line":170},"23":{"name":"(anonymous_23)","decl":{"start":{"line":213,"column":18},"end":{"line":213,"column":19}},"loc":{"start":{"line":213,"column":24},"end":{"line":213,"column":51}},"line":213}},"branchMap":{"0":{"loc":{"start":{"line":43,"column":4},"end":{"line":43,"column":49}},"type":"if","locations":[{"start":{"line":43,"column":4},"end":{"line":43,"column":49}},{"start":{},"end":{}}],"line":43},"1":{"loc":{"start":{"line":47,"column":4},"end":{"line":47,"column":60}},"type":"if","locations":[{"start":{"line":47,"column":4},"end":{"line":47,"column":60}},{"start":{},"end":{}}],"line":47},"2":{"loc":{"start":{"line":47,"column":8},"end":{"line":47,"column":41}},"type":"binary-expr","locations":[{"start":{"line":47,"column":8},"end":{"line":47,"column":17}},{"start":{"line":47,"column":21},"end":{"line":47,"column":41}}],"line":47},"3":{"loc":{"start":{"line":62,"column":6},"end":{"line":71,"column":7}},"type":"if","locations":[{"start":{"line":62,"column":6},"end":{"line":71,"column":7}},{"start":{},"end":{}}],"line":62},"4":{"loc":{"start":{"line":64,"column":9},"end":{"line":64,"column":26}},"type":"binary-expr","locations":[{"start":{"line":64,"column":9},"end":{"line":64,"column":20}},{"start":{"line":64,"column":24},"end":{"line":64,"column":26}}],"line":64},"5":{"loc":{"start":{"line":65,"column":10},"end":{"line":65,"column":45}},"type":"if","locations":[{"start":{"line":65,"column":10},"end":{"line":65,"column":45}},{"start":{},"end":{}}],"line":65},"6":{"loc":{"start":{"line":66,"column":10},"end":{"line":68,"column":11}},"type":"if","locations":[{"start":{"line":66,"column":10},"end":{"line":68,"column":11}},{"start":{},"end":{}}],"line":66},"7":{"loc":{"start":{"line":73,"column":6},"end":{"line":75,"column":7}},"type":"if","locations":[{"start":{"line":73,"column":6},"end":{"line":75,"column":7}},{"start":{},"end":{}}],"line":73},"8":{"loc":{"start":{"line":74,"column":70},"end":{"line":74,"column":84}},"type":"binary-expr","locations":[{"start":{"line":74,"column":70},"end":{"line":74,"column":78}},{"start":{"line":74,"column":82},"end":{"line":74,"column":84}}],"line":74},"9":{"loc":{"start":{"line":116,"column":25},"end":{"line":116,"column":70}},"type":"cond-expr","locations":[{"start":{"line":116,"column":45},"end":{"line":116,"column":54}},{"start":{"line":116,"column":57},"end":{"line":116,"column":70}}],"line":116},"10":{"loc":{"start":{"line":119,"column":16},"end":{"line":119,"column":61}},"type":"cond-expr","locations":[{"start":{"line":119,"column":36},"end":{"line":119,"column":45}},{"start":{"line":119,"column":48},"end":{"line":119,"column":61}}],"line":119},"11":{"loc":{"start":{"line":120,"column":11},"end":{"line":120,"column":65}},"type":"cond-expr","locations":[{"start":{"line":120,"column":31},"end":{"line":120,"column":44}},{"start":{"line":120,"column":47},"end":{"line":120,"column":65}}],"line":120},"12":{"loc":{"start":{"line":121,"column":16},"end":{"line":121,"column":49}},"type":"cond-expr","locations":[{"start":{"line":121,"column":36},"end":{"line":121,"column":41}},{"start":{"line":121,"column":44},"end":{"line":121,"column":49}}],"line":121},"13":{"loc":{"start":{"line":126,"column":50},"end":{"line":126,"column":84}},"type":"cond-expr","locations":[{"start":{"line":126,"column":68},"end":{"line":126,"column":76}},{"start":{"line":126,"column":79},"end":{"line":126,"column":84}}],"line":126},"14":{"loc":{"start":{"line":126,"column":94},"end":{"line":126,"column":141}},"type":"cond-expr","locations":[{"start":{"line":126,"column":112},"end":{"line":126,"column":118}},{"start":{"line":126,"column":121},"end":{"line":126,"column":141}}],"line":126},"15":{"loc":{"start":{"line":126,"column":154},"end":{"line":126,"column":183}},"type":"cond-expr","locations":[{"start":{"line":126,"column":172},"end":{"line":126,"column":179}},{"start":{"line":126,"column":182},"end":{"line":126,"column":183}}],"line":126},"16":{"loc":{"start":{"line":126,"column":288},"end":{"line":126,"column":321}},"type":"cond-expr","locations":[{"start":{"line":126,"column":306},"end":{"line":126,"column":312}},{"start":{"line":126,"column":315},"end":{"line":126,"column":321}}],"line":126},"17":{"loc":{"start":{"line":126,"column":371},"end":{"line":126,"column":409}},"type":"cond-expr","locations":[{"start":{"line":126,"column":389},"end":{"line":126,"column":398}},{"start":{"line":126,"column":401},"end":{"line":126,"column":409}}],"line":126},"18":{"loc":{"start":{"line":127,"column":56},"end":{"line":127,"column":90}},"type":"cond-expr","locations":[{"start":{"line":127,"column":74},"end":{"line":127,"column":80}},{"start":{"line":127,"column":83},"end":{"line":127,"column":90}}],"line":127},"19":{"loc":{"start":{"line":140,"column":13},"end":{"line":140,"column":52}},"type":"binary-expr","locations":[{"start":{"line":140,"column":13},"end":{"line":140,"column":25}},{"start":{"line":140,"column":29},"end":{"line":140,"column":40}},{"start":{"line":140,"column":44},"end":{"line":140,"column":52}}],"line":140},"20":{"loc":{"start":{"line":155,"column":13},"end":{"line":155,"column":115}},"type":"binary-expr","locations":[{"start":{"line":155,"column":13},"end":{"line":155,"column":47}},{"start":{"line":155,"column":51},"end":{"line":155,"column":115}}],"line":155},"21":{"loc":{"start":{"line":173,"column":15},"end":{"line":173,"column":185}},"type":"cond-expr","locations":[{"start":{"line":173,"column":28},"end":{"li
[...]
}},{"start":{"line":46,"column":36},"end":{"line":46,"column":73}},{"start":{"line":46,"column":77},"end":{"line":46,"column":79}}],"line":46},"9":{"loc":{"start":{"line":47,"column":18},"end":{"line":47,"column":85}},"type":"binary-expr","locations":[{"start":{"line":47,"column":18},"end":{"line":47,"column":36}},{"start":{"line":47,"column":40},"end":{"line":47,"column":79}},{"start":{"line":47,"column":83},"end":{"line":47,"column":85}}],"line":47},"10":{"loc":{"start":{"line":48,"column":12},"end":{"line":48,"column":67}},"type":"binary-expr","locations":[{"start":{"line":48,"column":12},"end":{"line":48,"column":24}},{"start":{"line":48,"column":28},"end":{"line":48,"column":61}},{"start":{"line":48,"column":65},"end":{"line":48,"column":67}}],"line":48},"11":{"loc":{"start":{"line":49,"column":13},"end":{"line":49,"column":53}},"type":"binary-expr","locations":[{"start":{"line":49,"column":13},"end":{"line":49,"column":47}},{"start":{"line":49,"column":51},"end":{"line":49,"column":53}}],"line":49},"12":{"loc":{"start":{"line":58,"column":2},"end":{"line":58,"column":29}},"type":"if","locations":[{"start":{"line":58,"column":2},"end":{"line":58,"column":29}},{"start":{},"end":{}}],"line":58},"13":{"loc":{"start":{"line":59,"column":9},"end":{"line":59,"column":49}},"type":"binary-expr","locations":[{"start":{"line":59,"column":9},"end":{"line":59,"column":41}},{"start":{"line":59,"column":45},"end":{"line":59,"column":49}}],"line":59},"14":{"loc":{"start":{"line":64,"column":22},"end":{"line":64,"column":71}},"type":"binary-expr","locations":[{"start":{"line":64,"column":22},"end":{"line":64,"column":63}},{"start":{"line":64,"column":67},"end":{"line":64,"column":71}}],"line":64},"15":{"loc":{"start":{"line":87,"column":29},"end":{"line":87,"column":98}},"type":"binary-expr","locations":[{"start":{"line":87,"column":29},"end":{"line":87,"column":52}},{"start":{"line":87,"column":56},"end":{"line":87,"column":88}},{"start":{"line":87,"column":92},"end":{"line":87,"column":98}}],"line":87},"16":{"loc":{"start":{"line":88,"column":29},"end":{"line":88,"column":62}},"type":"binary-expr","locations":[{"start":{"line":88,"column":29},"end":{"line":88,"column":56}},{"start":{"line":88,"column":60},"end":{"line":88,"column":62}}],"line":88},"17":{"loc":{"start":{"line":92,"column":32},"end":{"line":92,"column":92}},"type":"binary-expr","locations":[{"start":{"line":92,"column":32},"end":{"line":92,"column":56}},{"start":{"line":92,"column":60},"end":{"line":92,"column":86}},{"start":{"line":92,"column":90},"end":{"line":92,"column":92}}],"line":92},"18":{"loc":{"start":{"line":93,"column":31},"end":{"line":93,"column":89}},"type":"binary-expr","locations":[{"start":{"line":93,"column":31},"end":{"line":93,"column":54}},{"start":{"line":93,"column":58},"end":{"line":93,"column":83}},{"start":{"line":93,"column":87},"end":{"line":93,"column":89}}],"line":93},"19":{"loc":{"start":{"line":94,"column":35},"end":{"line":94,"column":109}},"type":"binary-expr","locations":[{"start":{"line":94,"column":35},"end":{"line":94,"column":59}},{"start":{"line":94,"column":63},"end":{"line":94,"column":89}},{"start":{"line":94,"column":93},"end":{"line":94,"column":109}}],"line":94},"20":{"loc":{"start":{"line":96,"column":8},"end":{"line":96,"column":68}},"type":"binary-expr","locations":[{"start":{"line":96,"column":8},"end":{"line":96,"column":32}},{"start":{"line":96,"column":36},"end":{"line":96,"column":62}},{"start":{"line":96,"column":66},"end":{"line":96,"column":68}}],"line":96},"21":{"loc":{"start":{"line":97,"column":8},"end":{"line":97,"column":66}},"type":"binary-expr","locations":[{"start":{"line":97,"column":8},"end":{"line":97,"column":31}},{"start":{"line":97,"column":35},"end":{"line":97,"column":60}},{"start":{"line":97,"column":64},"end":{"line":97,"column":66}}],"line":97},"22":{"loc":{"start":{"line":100,"column":17},"end":{"line":100,"column":110}},"type":"binary-expr","locations":[{"start":{"line":100,"column":17},"end":{"line":100,"column":41}},{"start":{"line":100,"column":45},"end":{"line":100,"column":78}},{"start":{"line":100,"column":82},"end":{"line":100,"column":104}},{"start":{"line":100,"column":108},"end":{"line":100,"column":110}}],"line":100},"23":{"loc":{"start":{"line":101,"column":16},"end":{"line":101,"column":113}},"type":"binary-expr","locations":[{"start":{"line":101,"column":16},"end":{"line":101,"column":39}},{"start":{"line":101,"column":43},"end":{"line":101,"column":75}},{"start":{"line":101,"column":79},"end":{"line":101,"column":100}},{"start":{"line":101,"column":104},"end":{"line":101,"column":113}}],"line":101},"24":{"loc":{"start":{"line":102,"column":18},"end":{"line":102,"column":80}},"type":"binary-expr","locations":[{"start":{"line":102,"column":18},"end":{"line":102,"column":43}},{"start":{"line":102,"column":47},"end":{"line":102,"column":74}},{"start":{"line":102,"column":78},"end":{"line":102,"column":80}}],"line":102},"25":{"loc":{"start":{"line":108,"column":2},"end":{"line":108,"column":79}},"type":"if","locations":[{"start":{"line":108,"column":2},"end":{"line":108,"column":79}},{"start":{},"end":{}}],"line":108},"26":{"loc":{"start":{"line":109,"column":2},"end":{"line":109,"column":82}},"type":"if","locations":[{"start":{"line":109,"column":2},"end":{"line":109,"column":82}},{"start":{},"end":{}}],"line":109},"27":{"loc":{"start":{"line":110,"column":2},"end":{"line":110,"column":79}},"type":"if","locations":[{"start":{"line":110,"column":2},"end":{"line":110,"column":79}},{"start":{},"end":{}}],"line":110},"28":{"loc":{"start":{"line":112,"column":35},"end":{"line":112,"column":89}},"type":"cond-expr","locations":[{"start":{"line":112,"column":46},"end":{"line":112,"column":84}},{"start":{"line":112,"column":87},"end":{"line":112,"column":89}}],"line":112},"29":{"loc":{"start":{"line":112,"column":46},"end":{"line":112,"column":84}},"type":"binary-expr","locations":[{"start":{"line":112,"column":46},"end":{"line":112,"column":78}},{"start":{"line":112,"column":82},"end":{"line":112,"column":84}}],"line":112},"30":{"loc":{"start":{"line":113,"column":29},"end":{"line":115,"column":47}},"type":"cond-expr","locations":[{"start":{"line":114,"column":6},"end":{"line":114,"column":16}},{"start":{"line":115,"column":6},"end":{"line":115,"column":47}}],"line":113},"31":{"loc":{"start":{"line":113,"column":29},"end":{"line":113,"column":80}},"type":"binary-expr","locations":[{"start":{"line":113,"column":29},"end":{"line":113,"column":59}},{"start":{"line":113,"column":63},"end":{"line":113,"column":80}}],"line":113},"32":{"loc":{"start":{"line":115,"column":6},"end":{"line":115,"column":47}},"type":"binary-expr","locations":[{"start":{"line":115,"column":6},"end":{"line":115,"column":41}},{"start":{"line":115,"column":45},"end":{"line":115,"column":47}}],"line":115},"33":{"loc":{"start":{"line":117,"column":2},"end":{"line":128,"column":3}},"type":"if","locations":[{"start":{"line":117,"column":2},"end":{"line":128,"column":3}},{"start":{},"end":{}}],"line":117},"34":{"loc":{"start":{"line":117,"column":6},"end":{"line":117,"column":46}},"type":"binary-expr","locations":[{"start":{"line":117,"column":6},"end":{"line":117,"column":34}},{"start":{"line":117,"column":38},"end":{"line":117,"column":46}}],"line":117},"35":{"loc":{"start":{"line":121,"column":17},"end":{"line":121,"column":97}},"type":"cond-expr","locations":[{"start":{"line":121,"column":49},"end":{"line":121,"column":58}},{"start":{"line":121,"column":61},"end":{"line":121,"column":97}}],"line":121},"36":{"loc":{"start":{"line":121,"column":61},"end":{"line":121,"column":97}},"type":"binary-expr","locations":[{"start":{"line":121,"column":61},"end":{"line":121,"column":91}},{"start":{"line":121,"column":95},"end":{"line":121,"column":97}}],"line":121},"37":{"loc":{"start":{"line":122,"column":16},"end":{"line":122,"column":93}},"type":"cond-expr","locations":[{"start":{"line":122,"column":47},"end":{"line":122,"column":55}},{"start":{"line":122,"column":58},"end":{"line":122,"column":93}}],"line":122},"38":{"loc":{"start":{"line":122,"column":58},"end":{"line":122,"column":93}},"type":"binary-expr","locations":[{"start":{"line":122,"column":58},"end":{"line":122,"column":87}},{"start":{"line":122,"column":91},"end":{"line":122,"column":93}}],"line":122},"39":{"loc":{"start":{"line":124,"column":12},"end":{"line":124,"column":85}},"type":"cond-expr","locations":[{"start":{"line":124,"column":43},"end":{"line":124,"column":51}},{"start":{"line":124,"column":54},"end":{"line":124,"column":85}}],"line":124},"40":{"loc":{"start":{"line":124,"column":54},"end":{"line":124,"column":85}},"type":"binary-expr","locations":[{"start":{"line":124,"column":54},"end":{"line":124,"column":79}},{"start":{"line":124,"column":83},"end":{"line":124,"column":85}}],"line":124},"41":{"loc":{"start":{"line":125,"column":13},"end":{"line":125,"column":89}},"type":"cond-expr","locations":[{"start":{"line":125,"column":45},"end":{"line":125,"column":54}},{"start":{"line":125,"column":57},"end":{"line":125,"column":89}}],"line":125},"42":{"loc":{"start":{"line":125,"column":57},"end":{"line":125,"column":89}},"type":"binary-expr","locations":[{"start":{"line":125,"column":57},"end":{"line":125,"column":83}},{"start":{"line":125,"column":87},"end":{"line":125,"column":89}}],"line":125},"43":{"loc":{"start":{"line":131,"column":14},"end":{"line":131,"column":98}},"type":"cond-expr","locations":[{"start":{"line":131,"column":45},"end":{"line":131,"column":53}},{"start":{"line":131,"column":56},"end":{"line":131,"column":98}}],"line":131},"44":{"loc":{"start":{"line":131,"column":56},"end":{"line":131,"column":98}},"type":"binary-expr","locations":[{"start":{"line":131,"column":56},"end":{"line":131,"column":88}},{"start":{"line":131,"column":92},"end":{"line":131,"column":98}}],"line":131},"45":{"loc":{"start":{"line":132,"column":15},"end":{"line":132,"column":99}},"type":"cond-expr","locations":[{"start":{"line":132,"column":47},"end":{"line":132,"column":56}},{"start":{"line":132,"column":59},"end":{"line":132,"column":99}}],"line":132},"46":{"loc":{"start":{"line":132,"column":59},"end":{"line":132,"column":99}},"type":"binary-expr","locations":[{"start":{"line":132,"column":59},"end":{"line":132,"column":93}},{"start":{"line":132,"column":97},"end":{"line":132,"column":99}}],"line":132},"47":{"loc":{"start":{"line":133,"column":14},"end":{"line":133,"column":95}},"type":"cond-expr","locations":[{"start":{"line":133,"column":45},"end":{"line":133,"column":53}},{"start":{"line":133,"column":56},"end":{"line":133,"column":95}}],"line":133},"48":{"loc":{"start":{"line":133,"column":56},"end":{"line":133,"column":95}},"type":"binary-expr","locations":[{"start":{"line":133,"column":56},"end":{"line":133,"column":89}},{"start":{"line":133,"column":93},"end":{"line":133,"column":95}}],"line":133},"49":{"loc":{"start":{"line":134,"column":15},"end":{"line":134,"column":98}},"type":"cond-expr","locations":[{"start":{"line":134,"column":47},"end":{"line":134,"column":56}},{"start":{"line":134,"column":59},"end":{"line":134,"column":98}}],"line":134},"50":{"loc":{"start":{"line":134,"column":59},"end":{"line":134,"column":98}},"type":"binary-expr","locations":[{"start":{"line":134,"column":59},"end":{"line":134,"column":92}},{"start":{"line":134,"column":96},"end":{"line":134,"column":98}}],"line":134},"51":{"loc":{"start":{"line":135,"column":14},"end":{"line":135,"column":101}},"type":"cond-expr","locations":[{"start":{"line":135,"column":45},"end":{"line":135,"column":53}},{"start":{"line":135,"column":56},"end":{"line":135,"column":101}}],"line":135},"52":{"loc":{"start":{"line":135,"column":56},"end":{"line":135,"column":101}},"type":"binary-expr","locations":[{"start":{"line":135,"column":56},"end":{"line":135,"column":88}},{"start":{"line":135,"column":92},"end":{"line":135,"column":101}}],"line":135},"53":{"loc":{"start":{"line":143,"column":30},"end":{"line":143,"column":45}},"type":"binary-expr","locations":[{"start":{"line":143,"column":30},"end":{"line":143,"column":39}},{"start":{"line":143,"column":43},"end":{"line":143,"column":45}}],"line":143},"54":{"loc":{"start":{"line":144,"column":2},"end":{"line":144,"column":37}},"type":"if","locations":[{"start":{"line":144,"column":2},"end":{"line":144,"column":37}},{"start":{},"end":{}}],"line":144},"55":{"loc":{"start":{"line":158,"column":22},"end":{"line":158,"column":41}},"type":"binary-expr","locations":[{"start":{"line":158,"column":22},"end":{"line":158,"column":35}},{"start":{"line":158,"column":39},"end":{"line":158,"column":41}}],"line":158},"56":{"loc":{"start":{"line":162,"column":31},"end":{"line":162,"column":50}},"type":"binary-expr","locations":[{"start":{"line":162,"column":31},"end":{"line":162,"column":44}},{"start":{"line":162,"column":48},"end":{"line":162,"column":50}}],"line":162},"57":{"loc":{"start":{"line":170,"column":17},"end":{"line":170,"column":96}},"type":"binary-expr","locations":[{"start":{"line":170,"column":17},"end":{"line":170,"column":52}},{"start":{"line":170,"column":56},"end":{"line":170,"column":90}},{"start":{"line":170,"column":94},"end":{"line":170,"column":96}}],"line":170},"58":{"loc":{"start":{"line":171,"column":16},"end":{"line":171,"column":93}},"type":"binary-expr","locations":[{"start":{"line":171,"column":16},"end":{"line":171,"column":50}},{"start":{"line":171,"column":54},"end":{"line":171,"column":87}},{"start":{"line":171,"column":91},"end":{"line":171,"column":93}}],"line":171},"59":{"loc":{"start":{"line":172,"column":18},"end":{"line":172,"column":99}},"type":"binary-expr","locations":[{"start":{"line":172,"column":18},"end":{"line":172,"column":54}},{"start":{"line":172,"column":58},"end":{"line":172,"column":93}},{"start":{"line":172,"column":97},"end":{"line":172,"column":99}}],"line":172},"60":{"loc":{"start":{"line":173,"column":12},"end":{"line":173,"column":81}},"type":"binary-expr","locations":[{"start":{"line":173,"column":12},"end":{"line":173,"column":42}},{"start":{"line":173,"column":46},"end":{"line":173,"column":75}},{"start":{"line":173,"column":79},"end":{"line":173,"column":81}}],"line":173}},"s":{"0":2,"1":2,"2":2,"3":2,"4":2,"5":11,"6":4,"7":7,"8":7,"9":2,"10":2,"11":2,"12":2,"13":7,"14":7,"15":0,"16":2,"17":2,"18":2,"19":0,"20":0,"21":0,"22":0,"23":0,"24":0,"25":0,"26":0,"27":2,"28":0,"29":2,"30":1,"31":0,"32":1,"33":2,"34":2,"35":2,"36":0,"37":2,"38":2,"39":2,"40":1,"41":1,"42":1,"43":1,"44":1,"45":1,"46":2,"47":2,"48":2,"49":2,"50":2,"51":2,"52":2,"53":2,"54":2,"55":2,"56":2,"57":1,"58":2,"59":2,"60":2,"61":2,"62":2,"63":2,"64":2,"65":2,"66":2,"67":2,"68":2,"69":0,"70":0,"71":0,"72":0,"73":0,"74":0,"75":0,"76":0,"77":0,"78":0,"79":0,"80":0,"81":0,"82":0,"83":0,"84":0,"85":0},"f":{"0":11,"1":7,"2":2,"3":7,"4":2,"5":0,"6":0,"7":0,"8":1,"9":2,"10":2,"11":1,"12":2,"13":2,"14":2,"15":0,"16":0,"17":0,"18":0,"19":0},"b":{"0":[4,7],"1":[0],"2":[2,1,0],"3":[7,4],"4":[0,0],"5":[0,0],"6":[0,0],"7":[0,0,0],"8":[0,0,0],"9":[0,0,0],"10":[0,0,0],"11":[0,0],"12":[0,1],"13":[1,0],"14":[2,1],"15":[2,1,1],"16":[2,1],"17":[2,1,1],"18":[2,1,1],"19":[2,1,1],"20":[2,1,1],"21":[2,1,1],"22":[2,1,1,1],"23":[2,1,1,1],"24":[2,1,1],"25":[2,0],"26":[1,1],"27":[2,0],"28":[2,0],"29":[2,2],"30":[1,1],"31":[2,1],"32":[1,1],"33":[2,0],"34":[2,2],"35":[1,1],"36":[1,1],"37":[1,1],"38":[1,1],"39":[2,0],"40":[0,0],"41":[1,1],"42":[1,1],"43":[2,0],"44":[0,0],"45":[1,1],"46":[1,1],"47":[1,1],"48":[1,1],"49":[1,1],"50":[1,1],"51":[2,0],"52":[0,0],"53":[0,0],"54":[0,0],"55":[0,0],"56":[0,0],"57":[0,0,0],"58":[0,0,0],"59":[0,0,0],"60":[0,0,0]},"_coverageSchema":"1a1c01bbd47fc00a2c39e90264f33305004495a9","hash":"8924f044a2246341a6dc3a21d4acdac093193937"}
,"C:\\Users\\junre\\Downloads\\kin (1)\\web\\src\\shared\\theme.js": {"path":"C:\\Users\\junre\\Downloads\\kin (1)\\web\\src\\shared\\theme.js","statementMap":{"0":{"start":{"line":1,"column":24},"end":{"line":17,"column":1}}},"fnMap":{},"branchMap":{},"s":{"0":1},"f":{},"b":{},"_coverageSchema":"1a1c01bbd47fc00a2c39e90264f33305004495a9","hash":"3f6c4d947717d89162d54902cdc98876cf97d467"}
,"C:\\Users\\junre\\Downloads\\kin (1)\\web\\src\\shared\\components\\ConfirmDialog.js": {"path":"C:\\Users\\junre\\Downloads\\kin (1)\\web\\src\\shared\\components\\ConfirmDialog.js","statementMap":{"0":{"start":{"line":5,"column":22},"end":{"line":81,"column":1}},"1":{"start":{"line":17,"column":2},"end":{"line":17,"column":25}},"2":{"start":{"line":17,"column":13},"end":{"line":17,"column":25}},"3":{"start":{"line":19,"column":21},"end":{"line":35,"column":3}},"4":{"start":{"line":36,"column":21},"end":{"line":36,"column":59}},"5":{"start":{"line":37,"column":15},"end":{"line":37,"column":34}},"6":{"start":{"line":39,"column":2},"end":{"line":80,"column":4}}},"fnMap":{"0":{"name":"(anonymous_0)","decl":{"start":{"line":5,"column":22},"end":{"line":5,"column":23}},"loc":{"start":{"line":16,"column":6},"end":{"line":81,"column":1}},"line":16}},"branchMap":{"0":{"loc":{"start":{"line":9,"column":2},"end":{"line":9,"column":26}},"type":"default-arg","locations":[{"start":{"line":9,"column":17},"end":{"line":9,"column":26}}],"line":9},"1":{"loc":{"start":{"line":10,"column":2},"end":{"line":10,"column":24}},"type":"default-arg","locations":[{"start":{"line":10,"column":16},"end":{"line":10,"column":24}}],"line":10},"2":{"loc":{"start":{"line":13,"column":2},"end":{"line":13,"column":18}},"type":"default-arg","locations":[{"start":{"line":13,"column":9},"end":{"line":13,"column":18}}],"line":13},"3":{"loc":{"start":{"line":15,"column":2},"end":{"line":15,"column":14}},"type":"default-arg","locations":[{"start":{"line":15,"column":9},"end":{"line":15,"column":14}}],"line":15},"4":{"loc":{"start":{"line":17,"column":2},"end":{"line":17,"column":25}},"type":"if","locations":[{"start":{"line":17,"column":2},"end":{"line":17,"column":25}},{"start":{},"end":{}}],"line":17},"5":{"loc":{"start":{"line":36,"column":21},"end":{"line":36,"column":59}},"type":"binary-expr","locations":[{"start":{"line":36,"column":21},"end":{"line":36,"column":37}},{"start":{"line":36,"column":41},"end":{"line":36,"column":59}}],"line":36},"6":{"loc":{"start":{"line":37,"column":15},"end":{"line":37,"column":34}},"type":"binary-expr","locations":[{"start":{"line":37,"column":15},"end":{"line":37,"column":19}},{"start":{"line":37,"column":23},"end":{"line":37,"column":34}}],"line":37},"7":{"loc":{"start":{"line":64,"column":168},"end":{"line":64,"column":196}},"type":"cond-expr","locations":[{"start":{"line":64,"column":175},"end":{"line":64,"column":184}},{"start":{"line":64,"column":187},"end":{"line":64,"column":196}}],"line":64},"8":{"loc":{"start":{"line":72,"column":172},"end":{"line":72,"column":200}},"type":"cond-expr","locations":[{"start":{"line":72,"column":179},"end":{"line":72,"column":188}},{"start":{"line":72,"column":191},"end":{"line":72,"column":200}}],"line":72},"9":{"loc":{"start":{"line":74,"column":15},"end":{"line":74,"column":49}},"type":"cond-expr","locations":[{"start":{"line":74,"column":22},"end":{"line":74,"column":34}},{"start":{"line":74,"column":37},"end":{"line":74,"column":49}}],"line":74}},"s":{"0":1,"1":0,"2":0,"3":0,"4":0,"5":0,"6":0},"f":{"0":0},"b":{"0":[0],"1":[0],"2":[0],"3":[0],"4":[0,0],"5":[0,0],"6":[0,0],"7":[0,0],"8":[0,0],"9":[0,0]},"_coverageSchema":"1a1c01bbd47fc00a2c39e90264f33305004495a9","hash":"5a76abd1954a391ddebe6f0a788f96fcd1d091dd"}
,"C:\\Users\\junre\\Downloads\\kin (1)\\web\\src\\shared\\lib\\supabaseClient.js": {"path":"C:\\Users\\junre\\Downloads\\kin (1)\\web\\src\\shared\\lib\\supabaseClient.js","statementMap":{"0":{"start":{"line":4,"column":20},"end":{"line":4,"column":62}},"1":{"start":{"line":7,"column":24},"end":{"line":7,"column":72}},"2":{"start":{"line":10,"column":24},"end":{"line":10,"column":66}}},"fnMap":{},"branchMap":{},"s":{"0":1,"1":1,"2":1},"f":{},"b":{},"_coverageSchema":"1a1c01bbd47fc00a2c39e90264f33305004495a9","hash":"94653633f988085fd946a0b396a9607324c7b9a6"}
}
