TN:
SF:src\App.js
FN:12,App
FN:19,(anonymous_1)
FNF:2
FNH:2
FNDA:1,App
FNDA:1,(anonymous_1)
DA:14,1
DA:19,1
DA:20,1
DA:23,1
LF:4
LH:4
BRDA:35,0,0,0
BRDA:35,0,1,1
BRDA:40,1,0,0
BRDA:40,1,1,1
BRDA:45,2,0,0
BRDA:45,2,1,1
BRDA:50,3,0,0
BRDA:50,3,1,1
BRF:8
BRH:4
end_of_record
TN:
SF:src\index.js
FNF:0
FNH:0
DA:7,0
DA:8,0
DA:17,0
LF:3
LH:0
BRF:0
BRH:0
end_of_record
TN:
SF:src\reportWebVitals.js
FN:1,(anonymous_0)
FN:3,(anonymous_1)
FNF:2
FNH:0
FNDA:0,(anonymous_0)
FNDA:0,(anonymous_1)
DA:1,0
DA:2,0
DA:3,0
DA:4,0
DA:5,0
DA:6,0
DA:7,0
DA:8,0
LF:8
LH:0
BRDA:2,0,0,0
BRDA:2,0,1,0
BRDA:2,1,0,0
BRDA:2,1,1,0
BRF:4
BRH:0
end_of_record
TN:
SF:src\features\auth\Landing.js
FN:6,(anonymous_0)
FN:62,(anonymous_1)
FN:65,(anonymous_2)
FN:100,(anonymous_3)
FNF:4
FNH:2
FNDA:1,(anonymous_0)
FNDA:0,(anonymous_1)
FNDA:0,(anonymous_2)
FNDA:3,(anonymous_3)
DA:6,1
DA:7,1
DA:9,1
DA:22,1
DA:32,1
DA:40,1
DA:62,0
DA:65,0
DA:101,3
LF:9
LH:7
BRF:0
BRH:0
end_of_record
TN:
SF:src\features\auth\Login.js
FN:7,(anonymous_0)
FN:9,(anonymous_1)
FN:22,(anonymous_2)
FN:112,(anonymous_3)
FN:128,(anonymous_4)
FN:154,(anonymous_5)
FNF:6
FNH:0
FNDA:0,(anonymous_0)
FNDA:0,(anonymous_1)
FNDA:0,(anonymous_2)
FNDA:0,(anonymous_3)
FNDA:0,(anonymous_4)
FNDA:0,(anonymous_5)
DA:7,1
DA:9,1
DA:10,0
DA:11,0
DA:12,0
DA:13,0
DA:15,0
DA:22,0
DA:23,0
DA:24,0
DA:25,0
DA:26,0
DA:32,0
DA:33,0
DA:41,0
DA:42,0
DA:45,0
DA:46,0
DA:50,0
DA:62,0
DA:112,0
DA:128,0
DA:154,0
LF:23
LH:2
BRDA:7,0,0,0
BRDA:7,0,1,0
BRDA:12,1,0,0
BRDA:12,1,1,0
BRDA:32,2,0,0
BRDA:32,2,1,0
BRDA:35,3,0,0
BRDA:35,3,1,0
BRDA:36,4,0,0
BRDA:36,4,1,0
BRDA:39,5,0,0
BRDA:39,5,1,0
BRDA:45,6,0,0
BRDA:45,6,1,0
BRF:14
BRH:0
end_of_record
TN:
SF:src\features\auth\Register.js
FN:7,(anonymous_0)
FN:8,(anonymous_1)
FN:21,(anonymous_2)
FN:23,(anonymous_3)
FN:44,(anonymous_4)
FN:124,(anonymous_5)
FN:135,(anonymous_6)
FN:173,(anonymous_7)
FN:184,(anonymous_8)
FN:213,(anonymous_9)
FN:218,(anonymous_10)
FN:241,(anonymous_11)
FN:242,(anonymous_12)
FNF:13
FNH:0
FNDA:0,(anonymous_0)
FNDA:0,(anonymous_1)
FNDA:0,(anonymous_2)
FNDA:0,(anonymous_3)
FNDA:0,(anonymous_4)
FNDA:0,(anonymous_5)
FNDA:0,(anonymous_6)
FNDA:0,(anonymous_7)
FNDA:0,(anonymous_8)
FNDA:0,(anonymous_9)
FNDA:0,(anonymous_10)
FNDA:0,(anonymous_11)
FNDA:0,(anonymous_12)
DA:7,1
DA:8,0
DA:14,0
DA:15,0
DA:17,0
DA:18,0
DA:21,1
DA:23,1
DA:24,0
DA:25,0
DA:32,0
DA:33,0
DA:34,0
DA:35,0
DA:37,0
DA:44,0
DA:45,0
DA:46,0
DA:48,0
DA:49,0
DA:50,0
DA:53,0
DA:54,0
DA:55,0
DA:63,0
DA:64,0
DA:65,0
DA:66,0
DA:69,0
DA:70,0
DA:74,0
DA:75,0
DA:86,0
DA:88,0
DA:124,0
DA:135,0
DA:173,0
DA:184,0
DA:213,0
DA:218,0
DA:241,0
DA:242,0
LF:42
LH:3
BRDA:17,0,0,0
BRDA:17,0,1,0
BRDA:17,1,0,0
BRDA:17,1,1,0
BRDA:48,2,0,0
BRDA:48,2,1,0
BRDA:63,3,0,0
BRDA:63,3,1,0
BRDA:63,4,0,0
BRDA:63,4,1,0
BRDA:64,5,0,0
BRDA:64,5,1,0
BRDA:65,6,0,0
BRDA:65,6,1,0
BRDA:70,7,0,0
BRDA:70,7,1,0
BRDA:207,8,0,0
BRDA:207,8,1,0
BRDA:238,9,0,0
BRDA:238,9,1,0
BRDA:238,10,0,0
BRDA:238,10,1,0
BRDA:241,11,0,0
BRDA:241,11,1,0
BRF:24
BRH:0
end_of_record
TN:
SF:src\features\borrowing\BorrowHub.js
FN:10,(anonymous_0)
FN:27,(anonymous_1)
FN:37,(anonymous_2)
FN:43,(anonymous_3)
FN:47,(anonymous_4)
FN:75,(anonymous_5)
FN:93,(anonymous_6)
FN:123,(anonymous_7)
FN:128,(anonymous_8)
FN:140,(anonymous_9)
FN:141,(anonymous_10)
FN:143,(anonymous_11)
FN:145,(anonymous_12)
FN:151,(anonymous_13)
FN:155,(anonymous_14)
FN:161,(anonymous_15)
FN:191,(anonymous_16)
FN:198,(anonymous_17)
FN:198,(anonymous_18)
FN:219,(anonymous_19)
FN:240,(anonymous_20)
FN:245,(anonymous_21)
FN:257,(anonymous_22)
FN:295,(anonymous_23)
FN:341,(anonymous_24)
FN:368,(anonymous_25)
FNF:26
FNH:0
FNDA:0,(anonymous_0)
FNDA:0,(anonymous_1)
FNDA:0,(anonymous_2)
FNDA:0,(anonymous_3)
FNDA:0,(anonymous_4)
FNDA:0,(anonymous_5)
FNDA:0,(anonymous_6)
FNDA:0,(anonymous_7)
FNDA:0,(anonymous_8)
FNDA:0,(anonymous_9)
FNDA:0,(anonymous_10)
FNDA:0,(anonymous_11)
FNDA:0,(anonymous_12)
FNDA:0,(anonymous_13)
FNDA:0,(anonymous_14)
FNDA:0,(anonymous_15)
FNDA:0,(anonymous_16)
FNDA:0,(anonymous_17)
FNDA:0,(anonymous_18)
FNDA:0,(anonymous_19)
FNDA:0,(anonymous_20)
FNDA:0,(anonymous_21)
FNDA:0,(anonymous_22)
FNDA:0,(anonymous_23)
FNDA:0,(anonymous_24)
FNDA:0,(anonymous_25)
DA:10,1
DA:11,0
DA:12,0
DA:13,0
DA:14,0
DA:15,0
DA:16,0
DA:17,0
DA:18,0
DA:20,0
DA:27,0
DA:28,0
DA:29,0
DA:30,0
DA:33,0
DA:34,0
DA:37,0
DA:38,0
DA:39,0
DA:40,0
DA:43,0
DA:44,0
DA:45,0
DA:47,0
DA:48,0
DA:49,0
DA:50,0
DA:53,0
DA:54,0
DA:55,0
DA:58,0
DA:59,0
DA:60,0
DA:63,0
DA:64,0
DA:68,0
DA:69,0
DA:72,0
DA:75,0
DA:76,0
DA:83,0
DA:84,0
DA:85,0
DA:88,0
DA:90,0
DA:91,0
DA:92,0
DA:93,0
DA:94,0
DA:96,0
DA:97,0
DA:98,0
DA:99,0
DA:100,0
DA:104,0
DA:106,0
DA:107,0
DA:108,0
DA:109,0
DA:112,0
DA:114,0
DA:115,0
DA:116,0
DA:117,0
DA:121,0
DA:123,0
DA:126,0
DA:127,0
DA:129,0
DA:130,0
DA:131,0
DA:132,0
DA:134,0
DA:138,0
DA:139,0
DA:140,0
DA:141,0
DA:143,0
DA:145,0
DA:147,0
DA:151,0
DA:152,0
DA:153,0
DA:154,0
DA:155,0
DA:156,0
DA:157,0
DA:161,0
DA:162,0
DA:164,0
DA:165,0
DA:166,0
DA:171,0
DA:173,0
DA:174,0
DA:178,0
DA:179,0
DA:182,0
DA:183,0
DA:184,0
DA:185,0
DA:188,0
DA:191,0
DA:192,0
DA:194,0
DA:195,0
DA:197,0
DA:198,0
DA:200,0
DA:206,0
DA:207,0
DA:208,0
DA:209,0
DA:212,0
DA:213,0
DA:216,0
DA:219,0
DA:241,0
DA:245,0
DA:258,0
DA:259,0
DA:260,0
DA:261,0
DA:262,0
DA:263,0
DA:264,0
DA:265,0
DA:266,0
DA:267,0
DA:268,0
DA:269,0
DA:270,0
DA:280,0
DA:295,0
DA:342,0
DA:343,0
DA:344,0
DA:347,0
DA:348,0
DA:368,0
LF:140
LH:1
BRDA:28,0,0,0
BRDA:28,0,1,0
BRDA:29,1,0,0
BRDA:29,1,1,0
BRDA:30,2,0,0
BRDA:30,2,1,0
BRDA:33,3,0,0
BRDA:33,3,1,0
BRDA:33,3,2,0
BRDA:34,4,0,0
BRDA:34,4,1,0
BRDA:38,5,0,0
BRDA:38,5,1,0
BRDA:39,6,0,0
BRDA:39,6,1,0
BRDA:48,7,0,0
BRDA:48,7,1,0
BRDA:53,8,0,0
BRDA:53,8,1,0
BRDA:58,9,0,0
BRDA:58,9,1,0
BRDA:63,10,0,0
BRDA:63,10,1,0
BRDA:68,11,0,0
BRDA:68,11,1,0
BRDA:68,12,0,0
BRDA:68,12,1,0
BRDA:68,12,2,0
BRDA:83,13,0,0
BRDA:83,13,1,0
BRDA:84,14,0,0
BRDA:84,14,1,0
BRDA:88,15,0,0
BRDA:88,15,1,0
BRDA:93,16,0,0
BRDA:93,16,1,0
BRDA:96,17,0,0
BRDA:96,17,1,0
BRDA:96,18,0,0
BRDA:96,18,1,0
BRDA:99,19,0,0
BRDA:99,19,1,0
BRDA:99,20,0,0
BRDA:99,20,1,0
BRDA:104,21,0,0
BRDA:104,21,1,0
BRDA:108,22,0,0
BRDA:108,22,1,0
BRDA:108,23,0,0
BRDA:108,23,1,0
BRDA:112,24,0,0
BRDA:112,24,1,0
BRDA:116,25,0,0
BRDA:116,25,1,0
BRDA:116,26,0,0
BRDA:116,26,1,0
BRDA:131,27,0,0
BRDA:131,27,1,0
BRDA:132,28,0,0
BRDA:132,28,1,0
BRDA:134,29,0,0
BRDA:134,29,1,0
BRDA:134,30,0,0
BRDA:134,30,1,0
BRDA:162,31,0,0
BRDA:162,31,1,0
BRDA:162,32,0,0
BRDA:162,32,1,0
BRDA:165,33,0,0
BRDA:165,33,1,0
BRDA:165,34,0,0
BRDA:165,34,1,0
BRDA:171,35,0,0
BRDA:171,35,1,0
BRDA:174,36,0,0
BRDA:174,36,1,0
BRDA:174,36,2,0
BRDA:178,37,0,0
BRDA:178,37,1,0
BRDA:182,38,0,0
BRDA:182,38,1,0
BRDA:188,39,0,0
BRDA:188,39,1,0
BRDA:192,40,0,0
BRDA:192,40,1,0
BRDA:192,41,0,0
BRDA:192,41,1,0
BRDA:192,41,2,0
BRDA:206,42,0,0
BRDA:206,42,1,0
BRDA:237,43,0,0
BRDA:237,43,1,0
BRDA:262,44,0,0
BRDA:262,44,1,0
BRDA:262,44,2,0
BRDA:262,44,3,0
BRDA:264,45,0,0
BRDA:264,45,1,0
BRDA:267,46,0,0
BRDA:267,46,1,0
BRDA:268,47,0,0
BRDA:268,47,1,0
BRDA:268,47,2,0
BRDA:269,48,0,0
BRDA:269,48,1,0
BRDA:269,48,2,0
BRDA:270,49,0,0
BRDA:270,49,1,0
BRDA:271,50,0,0
BRDA:271,50,1,0
BRDA:274,51,0,0
BRDA:274,51,1,0
BRDA:275,52,0,0
BRDA:275,52,1,0
BRDA:285,53,0,0
BRDA:285,53,1,0
BRDA:289,54,0,0
BRDA:289,54,1,0
BRDA:289,55,0,0
BRDA:289,55,1,0
BRDA:289,56,0,0
BRDA:289,56,1,0
BRDA:292,57,0,0
BRDA:292,57,1,0
BRDA:300,58,0,0
BRDA:300,58,1,0
BRDA:301,59,0,0
BRDA:301,59,1,0
BRDA:305,60,0,0
BRDA:305,60,1,0
BRDA:319,61,0,0
BRDA:319,61,1,0
BRDA:326,62,0,0
BRDA:326,62,1,0
BRDA:335,63,0,0
BRDA:335,63,1,0
BRDA:340,64,0,0
BRDA:340,64,1,0
BRDA:342,65,0,0
BRDA:342,65,1,0
BRDA:342,66,0,0
BRDA:342,66,1,0
BRDA:343,67,0,0
BRDA:343,67,1,0
BRDA:347,68,0,0
BRDA:347,68,1,0
BRDA:347,69,0,0
BRDA:347,69,1,0
BRDA:351,70,0,0
BRDA:351,70,1,0
BRDA:351,71,0,0
BRDA:351,71,1,0
BRDA:351,71,2,0
BRDA:351,71,3,0
BRDA:351,72,0,0
BRDA:351,72,1,0
BRDA:351,73,0,0
BRDA:351,73,1,0
BRDA:351,73,2,0
BRDA:351,73,3,0
BRDA:351,74,0,0
BRDA:351,74,1,0
BRDA:351,75,0,0
BRDA:351,75,1,0
BRDA:351,75,2,0
BRDA:351,75,3,0
BRDA:351,76,0,0
BRDA:351,76,1,0
BRDA:351,77,0,0
BRDA:351,77,1,0
BRDA:351,77,2,0
BRDA:351,77,3,0
BRDA:364,78,0,0
BRDA:364,78,1,0
BRDA:368,79,0,0
BRDA:368,79,1,0
BRDA:371,80,0,0
BRDA:371,80,1,0
BRF:178
BRH:0
end_of_record
TN:
SF:src\features\borrowing\ItemDetail.js
FN:6,(anonymous_0)
FN:20,(anonymous_1)
FN:46,(anonymous_2)
FNF:3
FNH:0
FNDA:0,(anonymous_0)
FNDA:0,(anonymous_1)
FNDA:0,(anonymous_2)
DA:6,0
DA:7,0
DA:8,0
DA:10,0
DA:17,0
DA:20,0
DA:46,0
LF:7
LH:0
BRF:0
BRH:0
end_of_record
TN:
SF:src\features\borrowing\RequestItem.js
FN:8,(anonymous_0)
FN:24,(anonymous_1)
FN:58,(anonymous_2)
FN:74,(anonymous_3)
FN:80,(anonymous_4)
FN:85,(anonymous_5)
FNF:6
FNH:0
FNDA:0,(anonymous_0)
FNDA:0,(anonymous_1)
FNDA:0,(anonymous_2)
FNDA:0,(anonymous_3)
FNDA:0,(anonymous_4)
FNDA:0,(anonymous_5)
DA:8,1
DA:9,0
DA:10,0
DA:15,0
DA:17,0
DA:24,0
DA:25,0
DA:27,0
DA:33,0
DA:35,0
DA:36,0
DA:40,0
DA:41,0
DA:44,0
DA:45,0
DA:46,0
DA:47,0
DA:50,0
DA:51,0
DA:54,0
DA:58,0
DA:74,0
DA:80,0
DA:85,0
LF:24
LH:1
BRDA:28,0,0,0
BRDA:28,0,1,0
BRDA:33,1,0,0
BRDA:33,1,1,0
BRDA:36,2,0,0
BRDA:36,2,1,0
BRDA:36,2,2,0
BRDA:40,3,0,0
BRDA:40,3,1,0
BRDA:44,4,0,0
BRDA:44,4,1,0
BRF:11
BRH:0
end_of_record
TN:
SF:src\features\dashboard\AdminPanel.js
FN:6,(anonymous_0)
FN:63,(anonymous_1)
FNF:2
FNH:0
FNDA:0,(anonymous_0)
FNDA:0,(anonymous_1)
DA:6,1
DA:7,0
DA:8,0
DA:10,0
DA:25,0
DA:33,0
DA:64,0
LF:7
LH:1
BRDA:8,0,0,0
BRDA:8,0,1,0
BRDA:8,0,2,0
BRDA:8,0,3,0
BRF:4
BRH:0
end_of_record
TN:
SF:src\features\dashboard\Dashboard.js
FN:13,(anonymous_0)
FN:19,(anonymous_1)
FN:24,(anonymous_2)
FN:25,(anonymous_3)
FN:28,(anonymous_4)
FN:34,(anonymous_5)
FN:35,(anonymous_6)
FN:37,(anonymous_7)
FN:40,(anonymous_8)
FN:46,(anonymous_9)
FN:49,(anonymous_10)
FN:64,(anonymous_11)
FN:70,(anonymous_12)
FN:74,(anonymous_13)
FN:82,(anonymous_14)
FN:88,(anonymous_15)
FN:108,(anonymous_16)
FN:131,(anonymous_17)
FN:148,(anonymous_18)
FN:152,(anonymous_19)
FN:157,(anonymous_20)
FN:163,(anonymous_21)
FN:170,(anonymous_22)
FN:213,(anonymous_23)
FNF:24
FNH:0
FNDA:0,(anonymous_0)
FNDA:0,(anonymous_1)
FNDA:0,(anonymous_2)
FNDA:0,(anonymous_3)
FNDA:0,(anonymous_4)
FNDA:0,(anonymous_5)
FNDA:0,(anonymous_6)
FNDA:0,(anonymous_7)
FNDA:0,(anonymous_8)
FNDA:0,(anonymous_9)
FNDA:0,(anonymous_10)
FNDA:0,(anonymous_11)
FNDA:0,(anonymous_12)
FNDA:0,(anonymous_13)
FNDA:0,(anonymous_14)
FNDA:0,(anonymous_15)
FNDA:0,(anonymous_16)
FNDA:0,(anonymous_17)
FNDA:0,(anonymous_18)
FNDA:0,(anonymous_19)
FNDA:0,(anonymous_20)
FNDA:0,(anonymous_21)
FNDA:0,(anonymous_22)
FNDA:0,(anonymous_23)
DA:13,1
DA:14,0
DA:15,0
DA:16,0
DA:17,0
DA:18,0
DA:19,0
DA:20,0
DA:22,0
DA:24,0
DA:25,0
DA:26,0
DA:27,0
DA:28,0
DA:29,0
DA:30,0
DA:34,0
DA:35,0
DA:36,0
DA:37,0
DA:40,0
DA:41,0
DA:42,0
DA:43,0
DA:46,0
DA:47,0
DA:49,0
DA:50,0
DA:62,0
DA:63,0
DA:64,0
DA:65,0
DA:66,0
DA:67,0
DA:70,0
DA:73,0
DA:74,0
DA:78,0
DA:79,0
DA:80,0
DA:82,0
DA:83,0
DA:84,0
DA:88,0
DA:89,0
DA:90,0
DA:91,0
DA:94,0
DA:108,0
DA:125,0
DA:131,0
DA:148,0
DA:152,0
DA:157,0
DA:163,0
DA:170,0
DA:213,0
LF:57
LH:1
BRDA:43,0,0,0
BRDA:43,0,1,0
BRDA:47,1,0,0
BRDA:47,1,1,0
BRDA:47,2,0,0
BRDA:47,2,1,0
BRDA:62,3,0,0
BRDA:62,3,1,0
BRDA:64,4,0,0
BRDA:64,4,1,0
BRDA:65,5,0,0
BRDA:65,5,1,0
BRDA:66,6,0,0
BRDA:66,6,1,0
BRDA:73,7,0,0
BRDA:73,7,1,0
BRDA:74,8,0,0
BRDA:74,8,1,0
BRDA:116,9,0,0
BRDA:116,9,1,0
BRDA:119,10,0,0
BRDA:119,10,1,0
BRDA:120,11,0,0
BRDA:120,11,1,0
BRDA:121,12,0,0
BRDA:121,12,1,0
BRDA:126,13,0,0
BRDA:126,13,1,0
BRDA:126,14,0,0
BRDA:126,14,1,0
BRDA:126,15,0,0
BRDA:126,15,1,0
BRDA:126,16,0,0
BRDA:126,16,1,0
BRDA:126,17,0,0
BRDA:126,17,1,0
BRDA:127,18,0,0
BRDA:127,18,1,0
BRDA:140,19,0,0
BRDA:140,19,1,0
BRDA:140,19,2,0
BRDA:155,20,0,0
BRDA:155,20,1,0
BRDA:173,21,0,0
BRDA:173,21,1,0
BRDA:176,22,0,0
BRDA:176,22,1,0
BRDA:183,23,0,0
BRDA:183,23,1,0
BRDA:184,24,0,0
BRDA:184,24,1,0
BRDA:188,25,0,0
BRDA:188,25,1,0
BRDA:190,26,0,0
BRDA:190,26,1,0
BRDA:191,27,0,0
BRDA:191,27,1,0
BRDA:192,28,0,0
BRDA:192,28,1,0
BRDA:198,29,0,0
BRDA:198,29,1,0
BRDA:198,29,2,0
BRDA:199,30,0,0
BRDA:199,30,1,0
BRDA:199,30,2,0
BRDA:200,31,0,0
BRDA:200,31,1,0
BRF:67
BRH:0
end_of_record
TN:
SF:src\features\dashboard\StudentPanel.js
FN:8,(anonymous_0)
FN:26,(anonymous_1)
FN:98,(anonymous_2)
FN:123,(anonymous_3)
FN:134,(anonymous_4)
FN:142,(anonymous_5)
FN:146,(anonymous_6)
FN:168,(anonymous_7)
FN:175,(anonymous_8)
FN:206,(anonymous_9)
FN:216,(anonymous_10)
FN:227,(anonymous_11)
FN:236,(anonymous_12)
FNF:13
FNH:0
FNDA:0,(anonymous_0)
FNDA:0,(anonymous_1)
FNDA:0,(anonymous_2)
FNDA:0,(anonymous_3)
FNDA:0,(anonymous_4)
FNDA:0,(anonymous_5)
FNDA:0,(anonymous_6)
FNDA:0,(anonymous_7)
FNDA:0,(anonymous_8)
FNDA:0,(anonymous_9)
FNDA:0,(anonymous_10)
FNDA:0,(anonymous_11)
FNDA:0,(anonymous_12)
DA:8,1
DA:9,0
DA:10,0
DA:11,0
DA:12,0
DA:13,0
DA:14,0
DA:16,0
DA:18,0
DA:26,0
DA:27,0
DA:29,0
DA:34,0
DA:35,0
DA:37,0
DA:39,0
DA:43,0
DA:44,0
DA:47,0
DA:48,0
DA:49,0
DA:50,0
DA:53,0
DA:54,0
DA:55,0
DA:56,0
DA:57,0
DA:58,0
DA:61,0
DA:73,0
DA:81,0
DA:89,0
DA:98,0
DA:112,0
DA:123,0
DA:134,0
DA:143,0
DA:146,0
DA:168,0
DA:175,0
DA:206,0
DA:216,0
DA:227,0
DA:236,0
LF:44
LH:1
BRDA:8,0,0,0
BRDA:30,1,0,0
BRDA:30,1,1,0
BRDA:31,2,0,0
BRDA:31,2,1,0
BRDA:35,3,0,0
BRDA:35,3,1,0
BRDA:39,4,0,0
BRDA:39,4,1,0
BRDA:39,4,2,0
BRDA:43,5,0,0
BRDA:43,5,1,0
BRDA:47,6,0,0
BRDA:47,6,1,0
BRDA:114,7,0,0
BRDA:114,7,1,0
BRDA:148,8,0,0
BRDA:148,8,1,0
BRDA:149,9,0,0
BRDA:149,9,1,0
BRDA:150,10,0,0
BRDA:150,10,1,0
BRDA:181,11,0,0
BRDA:181,11,1,0
BRDA:196,12,0,0
BRDA:196,12,1,0
BRDA:196,12,2,0
BRDA:211,13,0,0
BRDA:211,13,1,0
BRDA:221,14,0,0
BRDA:221,14,1,0
BRDA:244,15,0,0
BRDA:244,15,1,0
BRF:33
BRH:0
end_of_record
TN:
SF:src\features\messaging\AestheticChat.js
FN:22,(anonymous_0)
FN:44,(anonymous_1)
FN:53,(anonymous_2)
FN:64,(anonymous_3)
FN:67,(anonymous_4)
FN:68,(anonymous_5)
FN:68,(anonymous_6)
FN:72,(anonymous_7)
FN:84,(anonymous_8)
FN:106,(anonymous_9)
FN:117,(anonymous_10)
FN:145,(anonymous_11)
FN:147,(anonymous_12)
FN:155,(anonymous_13)
FN:158,(anonymous_14)
FN:172,(anonymous_15)
FN:174,(anonymous_16)
FN:174,(anonymous_17)
FN:182,(anonymous_18)
FN:183,(anonymous_19)
FN:185,(anonymous_20)
FN:192,(anonymous_21)
FN:196,(anonymous_22)
FN:203,(anonymous_23)
FN:205,(anonymous_24)
FN:218,(anonymous_25)
FN:227,(anonymous_26)
FN:232,(anonymous_27)
FN:238,(anonymous_28)
FN:245,(anonymous_29)
FN:251,(anonymous_30)
FN:254,(anonymous_31)
FN:260,(anonymous_32)
FN:272,(anonymous_33)
FN:281,(anonymous_34)
FN:301,(anonymous_35)
FN:317,(anonymous_36)
FN:345,(anonymous_37)
FN:374,(anonymous_38)
FN:392,(anonymous_39)
FN:392,(anonymous_40)
FN:422,(anonymous_41)
FN:465,(anonymous_42)
FN:475,(anonymous_43)
FN:482,(anonymous_44)
FN:483,(anonymous_45)
FN:492,(anonymous_46)
FN:493,(anonymous_47)
FN:536,(anonymous_48)
FN:544,(anonymous_49)
FN:553,(anonymous_50)
FN:589,(anonymous_51)
FN:631,(anonymous_52)
FN:632,(anonymous_53)
FN:677,(anonymous_54)
FN:689,(anonymous_55)
FN:701,(anonymous_56)
FN:702,(anonymous_57)
FNF:58
FNH:0
FNDA:0,(anonymous_0)
FNDA:0,(anonymous_1)
FNDA:0,(anonymous_2)
FNDA:0,(anonymous_3)
FNDA:0,(anonymous_4)
FNDA:0,(anonymous_5)
FNDA:0,(anonymous_6)
FNDA:0,(anonymous_7)
FNDA:0,(anonymous_8)
FNDA:0,(anonymous_9)
FNDA:0,(anonymous_10)
FNDA:0,(anonymous_11)
FNDA:0,(anonymous_12)
FNDA:0,(anonymous_13)
FNDA:0,(anonymous_14)
FNDA:0,(anonymous_15)
FNDA:0,(anonymous_16)
FNDA:0,(anonymous_17)
FNDA:0,(anonymous_18)
FNDA:0,(anonymous_19)
FNDA:0,(anonymous_20)
FNDA:0,(anonymous_21)
FNDA:0,(anonymous_22)
FNDA:0,(anonymous_23)
FNDA:0,(anonymous_24)
FNDA:0,(anonymous_25)
FNDA:0,(anonymous_26)
FNDA:0,(anonymous_27)
FNDA:0,(anonymous_28)
FNDA:0,(anonymous_29)
FNDA:0,(anonymous_30)
FNDA:0,(anonymous_31)
FNDA:0,(anonymous_32)
FNDA:0,(anonymous_33)
FNDA:0,(anonymous_34)
FNDA:0,(anonymous_35)
FNDA:0,(anonymous_36)
FNDA:0,(anonymous_37)
FNDA:0,(anonymous_38)
FNDA:0,(anonymous_39)
FNDA:0,(anonymous_40)
FNDA:0,(anonymous_41)
FNDA:0,(anonymous_42)
FNDA:0,(anonymous_43)
FNDA:0,(anonymous_44)
FNDA:0,(anonymous_45)
FNDA:0,(anonymous_46)
FNDA:0,(anonymous_47)
FNDA:0,(anonymous_48)
FNDA:0,(anonymous_49)
FNDA:0,(anonymous_50)
FNDA:0,(anonymous_51)
FNDA:0,(anonymous_52)
FNDA:0,(anonymous_53)
FNDA:0,(anonymous_54)
FNDA:0,(anonymous_55)
FNDA:0,(anonymous_56)
FNDA:0,(anonymous_57)
DA:22,1
DA:23,0
DA:24,0
DA:25,0
DA:26,0
DA:27,0
DA:28,0
DA:29,0
DA:30,0
DA:31,0
DA:32,0
DA:33,0
DA:34,0
DA:35,0
DA:36,0
DA:37,0
DA:38,0
DA:39,0
DA:40,0
DA:41,0
DA:42,0
DA:44,0
DA:53,0
DA:54,0
DA:55,0
DA:56,0
DA:59,0
DA:60,0
DA:61,0
DA:64,0
DA:65,0
DA:66,0
DA:67,0
DA:68,0
DA:72,0
DA:73,0
DA:74,0
DA:80,0
DA:84,0
DA:85,0
DA:91,0
DA:95,0
DA:96,0
DA:103,0
DA:106,0
DA:107,0
DA:109,0
DA:110,0
DA:111,0
DA:114,0
DA:115,0
DA:117,0
DA:118,0
DA:122,0
DA:123,0
DA:124,0
DA:125,0
DA:126,0
DA:132,0
DA:140,0
DA:141,0
DA:144,0
DA:145,0
DA:146,0
DA:147,0
DA:148,0
DA:149,0
DA:150,0
DA:153,0
DA:155,0
DA:158,0
DA:159,0
DA:160,0
DA:161,0
DA:164,0
DA:170,0
DA:171,0
DA:172,0
DA:173,0
DA:174,0
DA:175,0
DA:176,0
DA:177,0
DA:180,0
DA:182,0
DA:183,0
DA:184,0
DA:185,0
DA:186,0
DA:187,0
DA:192,0
DA:193,0
DA:196,0
DA:197,0
DA:199,0
DA:203,0
DA:204,0
DA:205,0
DA:206,0
DA:207,0
DA:209,0
DA:211,0
DA:214,0
DA:219,0
DA:220,0
DA:227,0
DA:228,0
DA:232,0
DA:233,0
DA:234,0
DA:238,0
DA:239,0
DA:241,0
DA:243,0
DA:246,0
DA:247,0
DA:251,0
DA:254,0
DA:255,0
DA:256,0
DA:260,0
DA:261,0
DA:262,0
DA:263,0
DA:264,0
DA:267,0
DA:270,0
DA:273,0
DA:274,0
DA:275,0
DA:276,0
DA:279,0
DA:281,0
DA:282,0
DA:287,0
DA:289,0
DA:290,0
DA:294,0
DA:295,0
DA:298,0
DA:301,0
DA:302,0
DA:304,0
DA:306,0
DA:307,0
DA:308,0
DA:309,0
DA:310,0
DA:313,0
DA:314,0
DA:317,0
DA:318,0
DA:320,0
DA:321,0
DA:323,0
DA:324,0
DA:334,0
DA:335,0
DA:336,0
DA:337,0
DA:340,0
DA:341,0
DA:342,0
DA:345,0
DA:346,0
DA:348,0
DA:349,0
DA:351,0
DA:361,0
DA:363,0
DA:364,0
DA:365,0
DA:366,0
DA:369,0
DA:370,0
DA:371,0
DA:374,0
DA:375,0
DA:377,0
DA:378,0
DA:380,0
DA:385,0
DA:386,0
DA:387,0
DA:388,0
DA:389,0
DA:392,0
DA:393,0
DA:394,0
DA:395,0
DA:396,0
DA:397,0
DA:400,0
DA:401,0
DA:403,0
DA:422,0
DA:456,0
DA:465,0
DA:475,0
DA:483,0
DA:493,0
DA:536,0
DA:544,0
DA:554,0
DA:555,0
DA:556,0
DA:557,0
DA:559,0
DA:560,0
DA:561,0
DA:562,0
DA:564,0
DA:589,0
DA:601,0
DA:631,0
DA:632,0
DA:677,0
DA:689,0
DA:701,0
DA:702,0
LF:220
LH:1
BRDA:22,0,0,0
BRDA:22,1,0,0
BRDA:40,2,0,0
BRDA:40,2,1,0
BRDA:41,3,0,0
BRDA:41,3,1,0
BRDA:42,4,0,0
BRDA:42,4,1,0
BRDA:42,4,2,0
BRDA:44,5,0,0
BRDA:44,6,0,0
BRDA:44,7,0,0
BRDA:47,8,0,0
BRDA:47,8,1,0
BRDA:54,9,0,0
BRDA:54,9,1,0
BRDA:55,10,0,0
BRDA:55,10,1,0
BRDA:56,11,0,0
BRDA:56,11,1,0
BRDA:56,11,2,0
BRDA:59,12,0,0
BRDA:59,12,1,0
BRDA:59,12,2,0
BRDA:61,13,0,0
BRDA:61,13,1,0
BRDA:61,13,2,0
BRDA:70,14,0,0
BRDA:70,14,1,0
BRDA:70,14,2,0
BRDA:73,15,0,0
BRDA:73,15,1,0
BRDA:76,16,0,0
BRDA:76,16,1,0
BRDA:76,16,2,0
BRDA:91,17,0,0
BRDA:91,17,1,0
BRDA:91,17,2,0
BRDA:95,18,0,0
BRDA:95,18,1,0
BRDA:109,19,0,0
BRDA:109,19,1,0
BRDA:117,20,0,0
BRDA:117,20,1,0
BRDA:118,21,0,0
BRDA:118,21,1,0
BRDA:122,22,0,0
BRDA:122,22,1,0
BRDA:122,23,0,0
BRDA:122,23,1,0
BRDA:126,24,0,0
BRDA:126,24,1,0
BRDA:126,25,0,0
BRDA:126,25,1,0
BRDA:126,25,2,0
BRDA:128,26,0,0
BRDA:128,26,1,0
BRDA:134,27,0,0
BRDA:134,27,1,0
BRDA:135,28,0,0
BRDA:135,28,1,0
BRDA:135,29,0,0
BRDA:135,29,1,0
BRDA:140,30,0,0
BRDA:140,30,1,0
BRDA:140,31,0,0
BRDA:140,31,1,0
BRDA:140,31,2,0
BRDA:149,32,0,0
BRDA:149,32,1,0
BRDA:149,33,0,0
BRDA:149,33,1,0
BRDA:150,34,0,0
BRDA:150,34,1,0
BRDA:159,35,0,0
BRDA:159,35,1,0
BRDA:170,36,0,0
BRDA:170,36,1,0
BRDA:171,37,0,0
BRDA:171,37,1,0
BRDA:174,38,0,0
BRDA:174,38,1,0
BRDA:176,39,0,0
BRDA:176,39,1,0
BRDA:176,40,0,0
BRDA:176,40,1,0
BRDA:177,41,0,0
BRDA:177,41,1,0
BRDA:182,42,0,0
BRDA:182,42,1,0
BRDA:184,43,0,0
BRDA:184,43,1,0
BRDA:184,44,0,0
BRDA:184,44,1,0
BRDA:185,45,0,0
BRDA:185,45,1,0
BRDA:185,46,0,0
BRDA:185,46,1,0
BRDA:186,47,0,0
BRDA:186,47,1,0
BRDA:187,48,0,0
BRDA:187,48,1,0
BRDA:187,48,2,0
BRDA:187,48,3,0
BRDA:197,49,0,0
BRDA:197,49,1,0
BRDA:206,50,0,0
BRDA:206,50,1,0
BRDA:206,51,0,0
BRDA:206,51,1,0
BRDA:219,52,0,0
BRDA:219,52,1,0
BRDA:233,53,0,0
BRDA:233,53,1,0
BRDA:233,54,0,0
BRDA:233,54,1,0
BRDA:233,54,2,0
BRDA:241,55,0,0
BRDA:241,55,1,0
BRDA:255,56,0,0
BRDA:255,56,1,0
BRDA:262,57,0,0
BRDA:262,57,1,0
BRDA:274,58,0,0
BRDA:274,58,1,0
BRDA:275,59,0,0
BRDA:275,59,1,0
BRDA:276,60,0,0
BRDA:276,60,1,0
BRDA:279,61,0,0
BRDA:279,61,1,0
BRDA:287,62,0,0
BRDA:287,62,1,0
BRDA:290,63,0,0
BRDA:290,63,1,0
BRDA:290,63,2,0
BRDA:294,64,0,0
BRDA:294,64,1,0
BRDA:302,65,0,0
BRDA:302,65,1,0
BRDA:302,66,0,0
BRDA:302,66,1,0
BRDA:306,67,0,0
BRDA:306,67,1,0
BRDA:318,68,0,0
BRDA:318,68,1,0
BRDA:320,69,0,0
BRDA:320,69,1,0
BRDA:320,69,2,0
BRDA:321,70,0,0
BRDA:321,70,1,0
BRDA:323,71,0,0
BRDA:323,71,1,0
BRDA:334,72,0,0
BRDA:334,72,1,0
BRDA:346,73,0,0
BRDA:346,73,1,0
BRDA:346,74,0,0
BRDA:346,74,1,0
BRDA:363,75,0,0
BRDA:363,75,1,0
BRDA:375,76,0,0
BRDA:375,76,1,0
BRDA:375,77,0,0
BRDA:375,77,1,0
BRDA:385,78,0,0
BRDA:385,78,1,0
BRDA:400,79,0,0
BRDA:400,79,1,0
BRDA:400,79,2,0
BRDA:401,80,0,0
BRDA:401,80,1,0
BRDA:426,81,0,0
BRDA:426,81,1,0
BRDA:466,82,0,0
BRDA:466,82,1,0
BRDA:473,83,0,0
BRDA:473,83,1,0
BRDA:474,84,0,0
BRDA:474,84,1,0
BRDA:475,85,0,0
BRDA:475,85,1,0
BRDA:480,86,0,0
BRDA:480,86,1,0
BRDA:480,86,2,0
BRDA:493,87,0,0
BRDA:493,87,1,0
BRDA:493,88,0,0
BRDA:493,88,1,0
BRDA:494,89,0,0
BRDA:494,89,1,0
BRDA:495,90,0,0
BRDA:495,90,1,0
BRDA:495,91,0,0
BRDA:495,91,1,0
BRDA:495,91,2,0
BRDA:495,92,0,0
BRDA:495,92,1,0
BRDA:495,92,2,0
BRDA:500,93,0,0
BRDA:500,93,1,0
BRDA:508,94,0,0
BRDA:508,94,1,0
BRDA:519,95,0,0
BRDA:519,95,1,0
BRDA:524,96,0,0
BRDA:524,96,1,0
BRDA:524,97,0,0
BRDA:524,97,1,0
BRDA:524,97,2,0
BRDA:524,98,0,0
BRDA:524,98,1,0
BRDA:524,98,2,0
BRDA:529,99,0,0
BRDA:529,99,1,0
BRDA:536,100,0,0
BRDA:536,100,1,0
BRDA:538,101,0,0
BRDA:538,101,1,0
BRDA:538,102,0,0
BRDA:538,102,1,0
BRDA:538,103,0,0
BRDA:538,103,1,0
BRDA:555,104,0,0
BRDA:555,104,1,0
BRDA:555,104,2,0
BRDA:555,104,3,0
BRDA:559,105,0,0
BRDA:559,105,1,0
BRDA:560,106,0,0
BRDA:560,106,1,0
BRDA:565,107,0,0
BRDA:565,107,1,0
BRDA:567,108,0,0
BRDA:567,108,1,0
BRDA:570,109,0,0
BRDA:570,109,1,0
BRDA:575,110,0,0
BRDA:575,110,1,0
BRDA:579,111,0,0
BRDA:579,111,1,0
BRDA:580,112,0,0
BRDA:580,112,1,0
BRDA:581,113,0,0
BRDA:581,113,1,0
BRDA:586,114,0,0
BRDA:586,114,1,0
BRDA:591,115,0,0
BRDA:591,115,1,0
BRDA:593,116,0,0
BRDA:593,116,1,0
BRDA:602,117,0,0
BRDA:602,117,1,0
BRDA:603,118,0,0
BRDA:603,118,1,0
BRDA:605,119,0,0
BRDA:605,119,1,0
BRDA:607,120,0,0
BRDA:607,120,1,0
BRDA:610,121,0,0
BRDA:610,121,1,0
BRDA:611,122,0,0
BRDA:611,122,1,0
BRDA:613,123,0,0
BRDA:613,123,1,0
BRDA:616,124,0,0
BRDA:616,124,1,0
BRDA:632,125,0,0
BRDA:632,125,1,0
BRDA:673,126,0,0
BRDA:673,126,1,0
BRDA:673,127,0,0
BRDA:673,127,1,0
BRDA:685,128,0,0
BRDA:685,128,1,0
BRDA:689,129,0,0
BRDA:689,129,1,0
BRDA:698,130,0,0
BRDA:698,130,1,0
BRF:279
BRH:0
end_of_record
TN:
SF:src\features\messaging\dealMessages.js
FN:3,(anonymous_0)
FN:5,(anonymous_1)
FN:17,(anonymous_2)
FN:37,(anonymous_3)
FN:48,(anonymous_4)
FN:53,(anonymous_5)
FN:58,(anonymous_6)
FN:61,(anonymous_7)
FNF:8
FNH:8
FNDA:3,(anonymous_0)
FNDA:1,(anonymous_1)
FNDA:4,(anonymous_2)
FNDA:2,(anonymous_3)
FNDA:1,(anonymous_4)
FNDA:1,(anonymous_5)
FNDA:1,(anonymous_6)
FNDA:1,(anonymous_7)
DA:1,2
DA:3,3
DA:5,2
DA:6,1
DA:17,2
DA:18,4
DA:19,2
DA:22,2
DA:23,2
DA:24,2
DA:25,0
DA:28,2
DA:33,0
DA:37,2
DA:38,2
DA:39,2
DA:41,1
DA:42,0
DA:45,1
DA:48,2
DA:49,1
DA:50,1
DA:53,2
DA:54,1
DA:55,1
DA:58,2
DA:59,1
DA:61,2
DA:62,1
DA:63,1
LF:30
LH:27
BRDA:3,0,0,3
BRDA:3,0,1,0
BRDA:3,1,0,3
BRDA:3,1,1,0
BRDA:11,2,0,1
BRDA:11,2,1,0
BRDA:12,3,0,1
BRDA:12,3,1,0
BRDA:13,4,0,1
BRDA:13,4,1,0
BRDA:14,5,0,1
BRDA:14,5,1,0
BRDA:18,6,0,2
BRDA:18,6,1,2
BRDA:18,7,0,4
BRDA:18,7,1,4
BRDA:24,8,0,0
BRDA:24,8,1,2
BRDA:24,9,0,2
BRDA:24,9,1,2
BRDA:24,9,2,2
BRDA:39,10,0,1
BRDA:39,10,1,1
BRDA:41,11,0,0
BRDA:41,11,1,1
BRDA:49,12,0,0
BRDA:49,12,1,1
BRDA:50,13,0,1
BRDA:50,13,1,0
BRDA:54,14,0,0
BRDA:54,14,1,1
BRDA:54,15,0,1
BRDA:54,15,1,1
BRDA:55,16,0,0
BRDA:55,16,1,1
BRDA:59,17,0,1
BRDA:59,17,1,1
BRDA:59,17,2,1
BRDA:59,17,3,0
BRDA:62,18,0,0
BRDA:62,18,1,1
BRF:41
BRH:27
end_of_record
TN:
SF:src\features\messaging\searchStrategies.js
FN:3,(anonymous_0)
FN:4,(anonymous_1)
FN:9,(anonymous_2)
FN:10,(anonymous_3)
FNF:4
FNH:0
FNDA:0,(anonymous_0)
FNDA:0,(anonymous_1)
FNDA:0,(anonymous_2)
FNDA:0,(anonymous_3)
DA:2,1
DA:4,0
DA:5,0
DA:6,0
DA:10,0
LF:5
LH:1
BRDA:5,0,0,0
BRDA:5,0,1,0
BRDA:5,0,2,0
BRF:3
BRH:0
end_of_record
TN:
SF:src\features\profile\ProfileSettings.js
FN:8,(anonymous_0)
FN:9,(anonymous_1)
FN:22,(anonymous_2)
FN:31,(anonymous_3)
FN:52,(anonymous_4)
FN:81,(anonymous_5)
FN:136,(anonymous_6)
FN:139,(anonymous_7)
FN:160,(anonymous_8)
FN:164,(anonymous_9)
FN:173,(anonymous_10)
FN:180,(anonymous_11)
FN:184,(anonymous_12)
FNF:13
FNH:0
FNDA:0,(anonymous_0)
FNDA:0,(anonymous_1)
FNDA:0,(anonymous_2)
FNDA:0,(anonymous_3)
FNDA:0,(anonymous_4)
FNDA:0,(anonymous_5)
FNDA:0,(anonymous_6)
FNDA:0,(anonymous_7)
FNDA:0,(anonymous_8)
FNDA:0,(anonymous_9)
FNDA:0,(anonymous_10)
FNDA:0,(anonymous_11)
FNDA:0,(anonymous_12)
DA:8,1
DA:9,0
DA:15,0
DA:16,0
DA:18,0
DA:19,0
DA:22,1
DA:23,0
DA:31,1
DA:32,0
DA:33,0
DA:34,0
DA:35,0
DA:36,0
DA:37,0
DA:38,0
DA:39,0
DA:40,0
DA:41,0
DA:42,0
DA:44,0
DA:52,0
DA:53,0
DA:54,0
DA:55,0
DA:57,0
DA:58,0
DA:67,0
DA:68,0
DA:70,0
DA:71,0
DA:78,0
DA:79,0
DA:80,0
DA:81,0
DA:82,0
DA:88,0
DA:89,0
DA:90,0
DA:94,0
DA:103,0
DA:104,0
DA:105,0
DA:106,0
DA:107,0
DA:109,0
DA:110,0
DA:112,0
DA:116,0
DA:127,0
DA:137,0
DA:138,0
DA:139,0
DA:140,0
DA:160,0
DA:164,0
DA:173,0
DA:180,0
DA:184,0
LF:59
LH:3
BRDA:15,0,0,0
BRDA:15,0,1,0
BRDA:16,1,0,0
BRDA:16,1,1,0
BRDA:18,2,0,0
BRDA:18,2,1,0
BRDA:18,3,0,0
BRDA:18,3,1,0
BRDA:33,4,0,0
BRDA:33,4,1,0
BRDA:34,5,0,0
BRDA:34,5,1,0
BRDA:35,6,0,0
BRDA:35,6,1,0
BRDA:36,7,0,0
BRDA:36,7,1,0
BRDA:38,8,0,0
BRDA:38,8,1,0
BRDA:67,9,0,0
BRDA:67,9,1,0
BRDA:68,10,0,0
BRDA:68,10,1,0
BRDA:70,11,0,0
BRDA:70,11,1,0
BRDA:78,12,0,0
BRDA:78,12,1,0
BRDA:78,13,0,0
BRDA:78,13,1,0
BRDA:78,14,0,0
BRDA:78,14,1,0
BRDA:79,15,0,0
BRDA:79,15,1,0
BRDA:80,16,0,0
BRDA:80,16,1,0
BRDA:82,17,0,0
BRDA:82,17,1,0
BRDA:82,17,2,0
BRDA:82,17,3,0
BRDA:88,18,0,0
BRDA:88,18,1,0
BRDA:89,19,0,0
BRDA:89,19,1,0
BRDA:90,20,0,0
BRDA:90,20,1,0
BRDA:99,21,0,0
BRDA:99,21,1,0
BRDA:100,22,0,0
BRDA:100,22,1,0
BRDA:109,23,0,0
BRDA:109,23,1,0
BRDA:133,24,0,0
BRDA:133,24,1,0
BRDA:137,25,0,0
BRDA:137,25,1,0
BRDA:149,26,0,0
BRDA:149,26,1,0
BRDA:150,27,0,0
BRDA:150,27,1,0
BRDA:193,28,0,0
BRDA:193,28,1,0
BRDA:194,29,0,0
BRDA:194,29,1,0
BRF:62
BRH:0
end_of_record
TN:
SF:src\features\profile\profileHelpers.js
FN:8,(anonymous_0)
FN:15,(anonymous_1)
FN:19,(anonymous_2)
FN:24,(anonymous_3)
FN:32,(anonymous_4)
FN:36,(anonymous_5)
FN:40,(anonymous_6)
FN:55,(anonymous_7)
FN:57,(anonymous_8)
FN:62,(anonymous_9)
FN:70,(anonymous_10)
FN:74,(anonymous_11)
FN:83,(anonymous_12)
FN:84,(anonymous_13)
FN:107,(anonymous_14)
FN:142,(anonymous_15)
FN:153,(anonymous_16)
FN:154,(anonymous_17)
FN:158,(anonymous_18)
FN:167,(anonymous_19)
FNF:20
FNH:12
FNDA:11,(anonymous_0)
FNDA:7,(anonymous_1)
FNDA:2,(anonymous_2)
FNDA:7,(anonymous_3)
FNDA:2,(anonymous_4)
FNDA:0,(anonymous_5)
FNDA:0,(anonymous_6)
FNDA:0,(anonymous_7)
FNDA:1,(anonymous_8)
FNDA:2,(anonymous_9)
FNDA:2,(anonymous_10)
FNDA:1,(anonymous_11)
FNDA:2,(anonymous_12)
FNDA:2,(anonymous_13)
FNDA:2,(anonymous_14)
FNDA:0,(anonymous_15)
FNDA:0,(anonymous_16)
FNDA:0,(anonymous_17)
FNDA:0,(anonymous_18)
FNDA:0,(anonymous_19)
DA:3,2
DA:4,2
DA:5,2
DA:6,2
DA:8,2
DA:9,11
DA:11,7
DA:15,7
DA:19,2
DA:20,2
DA:21,2
DA:24,2
DA:25,7
DA:26,7
DA:28,0
DA:32,2
DA:33,2
DA:36,2
DA:37,0
DA:39,0
DA:40,0
DA:41,0
DA:43,0
DA:52,0
DA:55,2
DA:57,2
DA:58,1
DA:59,1
DA:62,2
DA:63,2
DA:64,2
DA:66,0
DA:70,2
DA:71,2
DA:74,2
DA:75,1
DA:76,1
DA:77,1
DA:78,1
DA:79,1
DA:80,1
DA:83,2
DA:85,2
DA:86,2
DA:87,2
DA:88,2
DA:90,2
DA:107,2
DA:108,2
DA:109,2
DA:110,2
DA:112,2
DA:113,2
DA:117,2
DA:118,2
DA:119,2
DA:127,2
DA:130,2
DA:139,2
DA:142,2
DA:143,0
DA:144,0
DA:146,0
DA:147,0
DA:149,0
DA:150,0
DA:154,0
DA:158,0
DA:159,0
DA:160,0
DA:162,0
DA:164,0
DA:167,0
DA:168,0
DA:175,0
LF:75
LH:52
BRDA:9,0,0,4
BRDA:9,0,1,7
BRDA:19,1,0,0
BRDA:21,2,0,2
BRDA:21,2,1,1
BRDA:21,2,2,0
BRDA:26,3,0,7
BRDA:26,3,1,4
BRDA:37,4,0,0
BRDA:37,4,1,0
BRDA:37,5,0,0
BRDA:37,5,1,0
BRDA:41,6,0,0
BRDA:41,6,1,0
BRDA:45,7,0,0
BRDA:45,7,1,0
BRDA:45,7,2,0
BRDA:46,8,0,0
BRDA:46,8,1,0
BRDA:46,8,2,0
BRDA:47,9,0,0
BRDA:47,9,1,0
BRDA:47,9,2,0
BRDA:48,10,0,0
BRDA:48,10,1,0
BRDA:48,10,2,0
BRDA:49,11,0,0
BRDA:49,11,1,0
BRDA:58,12,0,0
BRDA:58,12,1,1
BRDA:59,13,0,1
BRDA:59,13,1,0
BRDA:64,14,0,2
BRDA:64,14,1,1
BRDA:87,15,0,2
BRDA:87,15,1,1
BRDA:87,15,2,1
BRDA:88,16,0,2
BRDA:88,16,1,1
BRDA:92,17,0,2
BRDA:92,17,1,1
BRDA:92,17,2,1
BRDA:93,18,0,2
BRDA:93,18,1,1
BRDA:93,18,2,1
BRDA:94,19,0,2
BRDA:94,19,1,1
BRDA:94,19,2,1
BRDA:96,20,0,2
BRDA:96,20,1,1
BRDA:96,20,2,1
BRDA:97,21,0,2
BRDA:97,21,1,1
BRDA:97,21,2,1
BRDA:100,22,0,2
BRDA:100,22,1,1
BRDA:100,22,2,1
BRDA:100,22,3,1
BRDA:101,23,0,2
BRDA:101,23,1,1
BRDA:101,23,2,1
BRDA:101,23,3,1
BRDA:102,24,0,2
BRDA:102,24,1,1
BRDA:102,24,2,1
BRDA:108,25,0,2
BRDA:108,25,1,0
BRDA:109,26,0,1
BRDA:109,26,1,1
BRDA:110,27,0,2
BRDA:110,27,1,0
BRDA:112,28,0,2
BRDA:112,28,1,0
BRDA:112,29,0,2
BRDA:112,29,1,2
BRDA:113,30,0,1
BRDA:113,30,1,1
BRDA:113,31,0,2
BRDA:113,31,1,1
BRDA:115,32,0,1
BRDA:115,32,1,1
BRDA:117,33,0,2
BRDA:117,33,1,0
BRDA:117,34,0,2
BRDA:117,34,1,2
BRDA:121,35,0,1
BRDA:121,35,1,1
BRDA:121,36,0,1
BRDA:121,36,1,1
BRDA:122,37,0,1
BRDA:122,37,1,1
BRDA:122,38,0,1
BRDA:122,38,1,1
BRDA:124,39,0,2
BRDA:124,39,1,0
BRDA:124,40,0,0
BRDA:124,40,1,0
BRDA:125,41,0,1
BRDA:125,41,1,1
BRDA:125,42,0,1
BRDA:125,42,1,1
BRDA:131,43,0,2
BRDA:131,43,1,0
BRDA:131,44,0,0
BRDA:131,44,1,0
BRDA:132,45,0,1
BRDA:132,45,1,1
BRDA:132,46,0,1
BRDA:132,46,1,1
BRDA:133,47,0,1
BRDA:133,47,1,1
BRDA:133,48,0,1
BRDA:133,48,1,1
BRDA:134,49,0,1
BRDA:134,49,1,1
BRDA:134,50,0,1
BRDA:134,50,1,1
BRDA:135,51,0,2
BRDA:135,51,1,0
BRDA:135,52,0,0
BRDA:135,52,1,0
BRDA:143,53,0,0
BRDA:143,53,1,0
BRDA:144,54,0,0
BRDA:144,54,1,0
BRDA:158,55,0,0
BRDA:158,55,1,0
BRDA:162,56,0,0
BRDA:162,56,1,0
BRDA:170,57,0,0
BRDA:170,57,1,0
BRDA:170,57,2,0
BRDA:171,58,0,0
BRDA:171,58,1,0
BRDA:171,58,2,0
BRDA:172,59,0,0
BRDA:172,59,1,0
BRDA:172,59,2,0
BRDA:173,60,0,0
BRDA:173,60,1,0
BRDA:173,60,2,0
BRF:141
BRH:84
end_of_record
TN:
SF:src\shared\theme.js
FNF:0
FNH:0
DA:1,1
LF:1
LH:1
BRF:0
BRH:0
end_of_record
TN:
SF:src\shared\components\ConfirmDialog.js
FN:5,(anonymous_0)
FNF:1
FNH:0
FNDA:0,(anonymous_0)
DA:5,1
DA:17,0
DA:19,0
DA:36,0
DA:37,0
DA:39,0
LF:6
LH:1
BRDA:9,0,0,0
BRDA:10,1,0,0
BRDA:13,2,0,0
BRDA:15,3,0,0
BRDA:17,4,0,0
BRDA:17,4,1,0
BRDA:36,5,0,0
BRDA:36,5,1,0
BRDA:37,6,0,0
BRDA:37,6,1,0
BRDA:64,7,0,0
BRDA:64,7,1,0
BRDA:72,8,0,0
BRDA:72,8,1,0
BRDA:74,9,0,0
BRDA:74,9,1,0
BRF:16
BRH:0
end_of_record
TN:
SF:src\shared\lib\supabaseClient.js
FNF:0
FNH:0
DA:4,1
DA:7,1
DA:10,1
LF:3
LH:3
BRF:0
BRH:0
end_of_record
